[	18-03-2019 19:04:58	] [BAN ACTION] A new ban record has been added. Player: 'Marco Akab' was banned by 'James Newman' for 'Banned by staff.' until '01/01/3000 00:00:00' (forever).
[	18-03-2019 19:39:35	] [BAN ACTION] A new ban record has been added. Player: 'richard stanley' was banned by 'James Newman' for 'Banned by staff.' until '01/01/3000 00:00:00' (forever).
[	18-03-2019 20:00:14	] [KICK ACTION] Player: Justin Newman has kicked: NallOoK for: You have been kicked. Reason: Reboot.
[	18-03-2019 20:00:22	] [KICK ACTION] Player: Justin Newman has kicked: Alain Provist for: You have been kicked. Reason: Reboot.
[	18-03-2019 20:00:31	] [KICK ACTION] Player: Justin Newman has kicked: tony fernandez for: You have been kicked. Reason: Reboot.
[	18-03-2019 20:00:38	] [KICK ACTION] Player: Justin Newman has kicked: Jack Connor for: You have been kicked. Reason: Reboot.
[	18-03-2019 20:42:21	] [BAN ACTION] A new ban record has been added. Player: 'OSCAR RP GalaXi6_Ma8ow' was banned by 'James Newman' for 'Banned by staff.' until '01/01/3000 00:00:00' (forever).
[	18-03-2019 22:07:38	] [BAN ACTION] A new ban record has been added. Player: 'Denis Grince' was banned by 'Justin Newman' for 'Banned by staff.' until '01/01/3000 00:00:00' (forever).
[	18-03-2019 22:20:35	] [BAN ACTION] A new ban record has been added. Player: 'Suave Pancho' was banned by 'Justin Newman' for 'Banned by staff.' until '01/01/3000 00:00:00' (forever).
[	19-03-2019 19:25:15	] [BAN ACTION] The following ban record has been removed (player unbanned). The player has been unbanned because their ban duration expired. [Player: Khaled Bouze was banned by Fabrice Rosat for T'iras lire le règlement until 03/13/2019 22:23:16.]
[	19-03-2019 20:16:23	] [BAN ACTION] A new ban record has been added. Player: 'Yvan Cavicci' was banned by 'Justin Newman' for 'Banned by staff.' until '01/01/3000 00:00:00' (forever).
[	19-03-2019 23:24:20	] [BAN ACTION] A new ban record has been added. Player: 'Fakher larabe' was banned by 'Justin Newman' for 'Use bug du revive sans prevenir les admin ' until '03/20/2019 09:24:20'.
[	20-03-2019 12:44:48	] [BAN ACTION] The following ban record has been removed (player unbanned). The player has been unbanned because their ban duration expired. [Player: Fakher larabe was banned by Justin Newman for Use bug du revive sans prevenir les admin  until 03/20/2019 09:24:20.]
[	20-03-2019 17:40:34	] [BAN ACTION] A new ban record has been added. Player: 'Pablo Carlito' was banned by 'Steve Pellerin' for 'Tp sur des gens c'est bien ' until '04/19/2019 17:40:34'.
[	20-03-2019 19:00:41	] [BAN ACTION] A new ban record has been added. Player: 'Bryan Petrol' was banned by 'Serizawa Tamao' for 'Dommage tu n'auras pas eu le temps de tester l'avion de chasse :)' until '01/01/3000 00:00:00' (forever).
[	20-03-2019 19:02:33	] [BAN ACTION] A new ban record has been added. Player: 'William Spark' was banned by 'Serizawa Tamao' for 'Tchaos moddeur de merde :)' until '01/01/3000 00:00:00' (forever).
[	20-03-2019 19:03:31	] [BAN ACTION] A new ban record has been added. Player: 'Rko' was banned by 'Serizawa Tamao' for 'Banned by staff.' until '01/01/3000 00:00:00' (forever).
[	20-03-2019 20:08:06	] [BAN ACTION] The following ban record has been removed (player unbanned). The player has been unbanned because their ban duration expired. [Player: Thomate was banned by Justin Newman for Braquage sans armes  until 03/10/2019 18:58:34.]
[	20-03-2019 20:01:09	] [BAN ACTION] A new ban record has been added. Player: 'Pablo Acosta' was banned by 'Fabrice Rosat' for 'Tu reviendras après avoir trrouvé un rp intéressant' until '03/27/2019 02:01:09'.
[	20-03-2019 20:07:20	] [BAN ACTION] A new ban record has been added. Player: 'Carl Jones' was banned by 'Fabrice Rosat' for 'PAS RP' until '01/01/3000 00:00:00' (forever).
[	20-03-2019 20:07:38	] [BAN ACTION] A new ban record has been added. Player: 'Ben Dero' was banned by 'Fabrice Rosat' for 'pas rp' until '01/01/3000 00:00:00' (forever).
[	23-03-2019 23:27:59	] [BAN ACTION] A new ban record has been added. Player: 'Pierre Nart' was banned by 'Zeita lopez' for 'Banned by staff. vas faire joue joue ailleur' until '04/22/2019 23:27:59'.
[	23-03-2019 23:29:13	] [BAN ACTION] A new ban record has been added. Player: 'Axel Air' was banned by 'Zeita lopez' for 'Banned by staff. vas faire joue joue ailleur' until '04/22/2019 23:29:13'.
[	24-03-2019 00:33:46	] [KICK ACTION] Player: Zeita lopez has kicked: RaKayNu for: You have been kicked. Reason: interdit de tapé 1 avertisement pas 2.
[	24-03-2019 01:17:00	] [KICK ACTION] Player: Viktor Bout ( Виктор  Бу ) has kicked: RaKayNu for: You have been kicked. Reason: kick pour non respect des consigne, nom rp + ne parle pas.
[	24-03-2019 03:34:20	] [BAN ACTION] A new ban record has been added. Player: 'Itek/john cena' was banned by 'Serizawa Tamao' for 'Tranquille fdp ?' until '01/01/3000 00:00:00' (forever).
[	24-03-2019 15:00:47	] [BAN ACTION] A new ban record has been added. Player: 'Hadil Abdelkyle' was banned by 'Justin Newman' for 'Go Rage MP c'est mieux !' until '01/01/3000 00:00:00' (forever).
[	24-03-2019 19:50:45	] [BAN ACTION] A new ban record has been added. Player: 'InvalidPlayerName' was banned by 'Zeita lopez' for 'Banned by staff. ' until '03/24/2019 21:20:45'.
[	24-03-2019 23:14:54	] [KICK ACTION] Player: Viktor Bout ( Виктор  Бу ) has kicked: Freedom for: You have been kicked. Reason: Kick pour non respect des consigne je te conseil de lire le reglement, nom et prenom rp.
[	25-03-2019 16:42:36	] [KICK ACTION] Player: Ophélie Newman has kicked: ISMAIL LITIM for: You have been kicked. Reason: Mort rp tu es pas censé être la.
[	25-03-2019 22:27:37	] [BAN ACTION] A new ban record has been added. Player: 'Freedom' was banned by 'Serizawa Tamao' for 'Les poubelles c'est en camion de poubelle :)' until '03/25/2019 23:27:37'.
[	26-03-2019 21:28:15	] [BAN ACTION] A new ban record has been added. Player: 'Anissa Mels' was banned by 'Fabrice Rosat' for 'Tout donner avant de partir c'est interdit, c'est con hein' until '01/01/3000 00:00:00' (forever).
[	26-03-2019 21:31:37	] [BAN ACTION] A new ban record has been added. Player: 'InvalidPlayerName' was banned by 'Fabrice Rosat' for 'Récupérer des affaires de quelqu'un qui quitte le serveur est interdit' until '01/01/3000 00:00:00' (forever).
[	26-03-2019 21:44:33	] [BAN ACTION] A new ban record has been added. Player: 'HAMID LUPPERCUT' was banned by 'Fabrice Rosat' for 'Tu crois que c'est rp de récupérer toutes les possessions de quelqu'un quand il change de ville ?' until '01/01/3000 00:00:00' (forever).
[	27-03-2019 19:53:41	] [KICK ACTION] Player: Viktor Bout ( Виктор  Бу ) has kicked: Pierre for: You have been kicked. Reason: Kick pour non respect des consignes.
[	28-03-2019 20:49:26	] [KICK ACTION] Player: Viktor Bout ( Виктор  Бу ) has kicked: SNOOZ for: You have been kicked. Reason: Kick pour non respect des consignes.
[	28-03-2019 20:49:55	] [KICK ACTION] Player: Viktor Bout ( Виктор  Бу ) has kicked: LanceDeBois for: You have been kicked. Reason: kick pour non respect des consigne.
[	28-03-2019 20:50:21	] [KICK ACTION] Player: Viktor Bout ( Виктор  Бу ) has kicked: POLO.SPO.ℛ.T for: You have been kicked. Reason: kick pour non respect des consignes.
[	28-03-2019 22:58:34	] [BAN ACTION] A new ban record has been added. Player: 'Drake Adams' was banned by 'Ophlie Newman' for 'Banned by staff. no fear rp' until '03/28/2019 23:58:34'.
[	28-03-2019 22:59:33	] [BAN ACTION] A new ban record has been added. Player: 'Malo Kalihi' was banned by 'Ophlie Newman' for 'Banned by staff. no fear rp' until '03/28/2019 23:59:33'.
[	29-03-2019 00:39:16	] [BAN ACTION] A new ban record has been added. Player: 'Kevin Parchoquer' was banned by 'Ophlie Newman' for 'Banned by staff. no fear rp' until '03/29/2019 02:09:16'.
[	29-03-2019 00:39:42	] [BAN ACTION] A new ban record has been added. Player: 'Joey Parchoqu' was banned by 'Ophlie Newman' for 'Banned by staff. no fear' until '03/29/2019 02:09:42'.
[	29-03-2019 17:27:47	] [KICK ACTION] Player: Viktor Bout ( Виктор  Бу ) has kicked: Pr0DoX for: You have been kicked. Reason: Je t'invite a lire le reglement et de changé ton nom steam par rapport a ton nom ig,.
[	29-03-2019 17:34:51	] [KICK ACTION] Player: Viktor Bout ( Виктор  Бу ) has kicked: Pr0DoX for: You have been kicked. Reason: Kick non respect des consignes, tu as 5 min pour venir sur discord en besoin d'aide, merci.
[	29-03-2019 21:14:28	] [BAN ACTION] A new ban record has been added. Player: 'Marcel Lefessier' was banned by 'Fabrice Rosat' for 'Mauvaise idée de déco/reco pour revive' until '03/29/2019 22:14:28'.
[	30-03-2019 01:08:17	] [BAN ACTION] A new ban record has been added. Player: 'Benjamin Harper' was banned by 'Viktor Bout (    )' for 'Ban pour vole de police' until '03/30/2019 02:08:17'.
[	30-03-2019 01:59:58	] [BAN ACTION] A new ban record has been added. Player: 'tadikwa' was banned by 'Viktor Bout (    )' for 'Banned by staff. non respect des consignes prochaine fois tu prend un ban def' until '04/01/2019 01:59:58'.
[	30-03-2019 15:09:36	] [BAN ACTION] The following ban record has been removed (player unbanned). The player has been unbanned because their ban duration expired. [Player: Benjamin Harper was banned by Viktor Bout (    ) for Ban pour vole de police until 03/30/2019 02:08:17.]
[	30-03-2019 18:42:49	] [BAN ACTION] A new ban record has been added. Player: 'M E G A /' was banned by 'Fabrice Rosat' for 'Nom steam incorrect + tenue inadaptée + braquage sans armes interdit' until '04/02/2019 18:42:49'.
[	30-03-2019 22:27:34	] [BAN ACTION] A new ban record has been added. Player: 'J O S E     B O V E R' was banned by 'Viktor Bout (    )' for 'Banned by staff.cest pas bien le cheat, tu peux venir t'expliqué sur discord apres la reunions' until '04/29/2019 22:27:34'.
[	30-03-2019 22:30:56	] [BAN ACTION] The following ban record has been removed (player unbanned). [Player: J O S E     B O V E R was banned by Viktor Bout (    ) for Banned by staff.cest pas bien le cheat, tu peux venir t'expliqué sur discord apres la reunions until 04/29/2019 22:27:34.]
[	31-03-2019 00:07:11	] [BAN ACTION] A new ban record has been added. Player: 'Tony Schmerz' was banned by 'Ophlie Newman' for 'Banned by staff. TROLL' until '04/01/2019 06:07:11'.
[	31-03-2019 12:18:17	] [BAN ACTION] The following ban record has been removed (player unbanned). The player has been unbanned because their ban duration expired. [Player: Youri Ivanyshyn was banned by Helmut Tchatcho for Il y a des EMS en ville, prochain coup que tu déco reco pour revive je te ban 1h ^^ until 02/08/2019 22:43:07.]
[	31-03-2019 15:46:14	] [BAN ACTION] A new ban record has been added. Player: 'Gaius Baltar' was banned by 'Ophlie Newman' for 'Banned by staff. vole de véhicule interdit ' until '04/01/2019 15:46:14'.
[	31-03-2019 18:06:55	] [BAN ACTION] A new ban record has been added. Player: 'Jean Bodesir' was banned by 'Ophlie Newman' for 'Banned by staff. trolleur' until '04/30/2019 18:06:55'.
[	31-03-2019 18:08:22	] [BAN ACTION] A new ban record has been added. Player: 'Thomas Bodesir' was banned by 'Ophlie Newman' for 'Banned by staff. comme ton ami' until '04/30/2019 18:08:22'.
[	31-03-2019 20:10:37	] [BAN ACTION] A new ban record has been added. Player: 'titans' was banned by 'Steve Pellerin' for 'Troll' until '04/30/2019 20:10:37'.
[	31-03-2019 21:04:47	] [KICK ACTION] Player: Justin Newman has kicked: Missblue for: You have been kicked. Reason: merci de mettre un nom rp sur steam et de relancer five m après .
[	01-04-2019 19:18:48	] [BAN ACTION] The following ban record has been removed (player unbanned). The player has been unbanned because their ban duration expired. [Player: Tony Schmerz was banned by Ophlie Newman for Banned by staff. TROLL until 04/01/2019 06:07:11.]
[	01-04-2019 23:01:54	] [BAN ACTION] A new ban record has been added. Player: 'david Petit' was banned by 'Viktor Bout (    )' for 'Banned by staff. Mort rp sucide, je t'invite a venir en parlé en besoin d'aide avec des moddo et admin' until '04/02/2019 23:01:54'.
[	02-04-2019 17:34:30	] [BAN ACTION] A new ban record has been added. Player: 'Tony Schmerz' was banned by 'Ophlie Newman' for 'Banned by staff. Bah alors on s'amuse avec des avions chasses c'est interdit' until '05/02/2019 17:34:30'.
[	02-04-2019 21:42:07	] [BAN ACTION] A new ban record has been added. Player: 'Musashi' was banned by 'Viktor Bout (    )' for 'Banned by staff. tu peux venir t expliqué sur discord pour le vole, pas du tout rp' until '05/02/2019 21:42:07'.
[	03-04-2019 16:37:13	] [BAN ACTION] The following ban record has been removed (player unbanned). The player has been unbanned because their ban duration expired. [Player: mathis bakour was banned by Fabrice Rosat for Le vol de véhicule de police est interdit, même si c'est juste pour récupérer un fusil à pompe que tu n'es pas sensé avoir until 03/17/2019 12:12:42.]
[	03-04-2019 16:46:54	] [BAN ACTION] The following ban record has been removed (player unbanned). The player has been unbanned because their ban duration expired. [Player: david Petit was banned by Viktor Bout (    ) for Banned by staff. Mort rp sucide, je t'invite a venir en parlé en besoin d'aide avec des moddo et admin until 04/02/2019 23:01:54.]
[	03-04-2019 17:13:45	] [BAN ACTION] A new ban record has been added. Player: 'Hugo' was banned by 'Ophlie Newman' for 'Banned by staff. On ne rentre pas dans le comico avec un véhicule ' until '04/04/2019 17:13:45'.
[	03-04-2019 17:14:40	] [BAN ACTION] A new ban record has been added. Player: 'J O S E     B O V E R' was banned by 'Ophlie Newman' for 'Banned by staff. On ne rentre pas dans le comico avec un véhicule ! ' until '04/04/2019 17:14:40'.
[	04-04-2019 21:56:31	] [BAN ACTION] The following ban record has been removed (player unbanned). The player has been unbanned because their ban duration expired. [Player: Hugo was banned by Ophlie Newman for Banned by staff. On ne rentre pas dans le comico avec un véhicule  until 04/04/2019 17:13:45.]
[	04-04-2019 22:03:48	] [BAN ACTION] A new ban record has been added. Player: 'Megu Poggi' was banned by 'Ophlie Newman' for 'Banned by staff. le vole de véhicule de police est interdit' until '04/05/2019 22:03:48'.
[	04-04-2019 22:15:59	] [BAN ACTION] The following ban record has been removed (player unbanned). [Player: Megu Poggi was banned by Ophlie Newman for Banned by staff. le vole de véhicule de police est interdit until 04/05/2019 22:03:48.]
[	05-04-2019 17:40:20	] [BAN ACTION] The following ban record has been removed (player unbanned). The player has been unbanned because their ban duration expired. [Player: J O S E     B O V E R was banned by Ophlie Newman for Banned by staff. On ne rentre pas dans le comico avec un véhicule !  until 04/04/2019 17:14:40.]
[	05-04-2019 21:14:05	] [BAN ACTION] A new ban record has been added. Player: 'Jean Delatour' was banned by 'Ophlie Newman' for 'Banned by staff. braquage sans armes + insulte tout le monde' until '01/01/3000 00:00:00' (forever).
[	05-04-2019 21:19:02	] [BAN ACTION] A new ban record has been added. Player: 't.tv/champixxxx' was banned by 'Ophlie Newman' for 'Banned by staff. 24 h vole de véhicule de police interdit, tu veux discuter de ton ban c'est sur discord Cordialement la Pute.' until '04/06/2019 21:19:02'.
[	06-04-2019 15:58:45	] [KICK ACTION] Player: Viktor Bout ( Виктор  Бу ) has kicked: Jen Delacrouse for: You have been kicked. Reason: REBOOT.
[	06-04-2019 15:59:52	] [KICK ACTION] Player: Viktor Bout ( Виктор  Бу ) has kicked: Vladimir Koretsky for: You have been kicked. Reason: REBOOT.
[	06-04-2019 16:25:54	] [KICK ACTION] Player: Viktor Bout ( Виктор  Бу ) has kicked: Dadou Kais for: You have been kicked. Reason: Kick pour non respect des consignes, une voiture a été mi en place pour la chasse,.
[	07-04-2019 14:01:58	] [BAN ACTION] A new ban record has been added. Player: 'Vladimir Zaitsev' was banned by 'Ophlie Newman' for 'Banned by staff. Le ban est juste de 1h pour avoir déco quand tu étais mort alors qu'il y avait des ems (HIER), si jamais tu peux venir en discuter sur discord' until '04/07/2019 15:01:58'.
[	07-04-2019 15:20:22	] [BAN ACTION] A new ban record has been added. Player: 'Lucas Klesson' was banned by 'Justin Newman' for 'casse toi ' until '04/07/2019 15:23:22'.
[	07-04-2019 15:23:32	] [BAN ACTION] The following ban record has been removed (player unbanned). The player has been unbanned because their ban duration expired. [Player: Lucas Klesson was banned by Justin Newman for casse toi  until 04/07/2019 15:23:22.]
[	07-04-2019 16:40:27	] [BAN ACTION] The following ban record has been removed (player unbanned). The player has been unbanned because their ban duration expired. [Player: Vladimir Zaitsev was banned by Ophlie Newman for Banned by staff. Le ban est juste de 1h pour avoir déco quand tu étais mort alors qu'il y avait des ems (HIER), si jamais tu peux venir en discuter sur discord until 04/07/2019 15:01:58.]
[	07-04-2019 18:53:18	] [BAN ACTION] A new ban record has been added. Player: 'Antho Simon' was banned by 'Justin Newman' for 'Reset' until '04/09/2019 18:53:18'.
[	07-04-2019 20:51:24	] [BAN ACTION] A new ban record has been added. Player: 'Chris Jericho' was banned by 'Viktor Bout (    )' for 'Banned by staff. le cheat c est pas bien' until '05/07/2019 20:51:24'.
[	08-04-2019 00:50:54	] [BAN ACTION] A new ban record has been added. Player: 'pVR_' was banned by 'Ophlie Newman' for 'Banned by staff. no fear + vole de véhicule de taxi + car kill + déco reco alors que tu es mort et il y a des EMS' until '01/01/3000 00:00:00' (forever).
[	08-04-2019 01:08:30	] [BAN ACTION] A new ban record has been added. Player: 'Ping PONG' was banned by 'Viktor Bout (    )' for 'Banned by staff. c est pas bien le cheat' until '01/01/3000 00:00:00' (forever).
[	08-04-2019 01:08:50	] [BAN ACTION] A new ban record has been added. Player: 'Vladimir Zaitsev' was banned by 'Ophlie Newman' for 'Banned by staff. accepte l'argent de quelqu'un' until '01/01/3000 00:00:00' (forever).
[	08-04-2019 18:46:51	] [BAN ACTION] A new ban record has been added. Player: 'Hassan Karaman' was banned by 'Viktor Bout (    )' for 'Banned by staff je cheat c est pas bien' until '01/01/3000 00:00:00' (forever).
[	08-04-2019 18:47:31	] [BAN ACTION] A new ban record has been added. Player: 'Tom Hoffman' was banned by 'Viktor Bout (    )' for 'Banned by staff.le cheat c est pas bien' until '01/01/3000 00:00:00' (forever).
[	08-04-2019 19:08:31	] [BAN ACTION] A new ban record has been added. Player: 'Jen Delacrouse' was banned by 'Viktor Bout (    )' for 'Banned by staff. non respect des consignes + metier eboueur doit ce faire avec le vehicule approprier prochaine fois c est ban def, tu peux venir en parlé si tu le souhaite sur discord' until '04/08/2019 20:08:31'.
[	08-04-2019 19:12:15	] [BAN ACTION] The following ban record has been removed (player unbanned). [Player: Hassan Karaman was banned by Viktor Bout (    ) for Banned by staff je cheat c est pas bien until 01/01/3000 00:00:00.]
[	08-04-2019 19:36:44	] [BAN ACTION] A new ban record has been added. Player: 'nico.lepine' was banned by 'Viktor Bout (    )' for 'Banned by staff.le cheat c est pas bien, + no fear, tu peux venir en parlé sur discord si tu le souhaite' until '01/01/3000 00:00:00' (forever).
[	08-04-2019 19:57:42	] [BAN ACTION] A new ban record has been added. Player: 'Jesus Colombian' was banned by 'Viktor Bout (    )' for 'Banned by staff.ban pour vole de police, tu peux venir t expliqué sur discord' until '04/10/2019 19:57:42'.
[	08-04-2019 20:06:33	] [BAN ACTION] A new ban record has been added. Player: 'Hugo' was banned by 'Viktor Bout (    )' for 'Banned by staff.ban pour non recpect des consignes, eboueur ce fais avec le vehicule d eboueur' until '04/08/2019 21:06:33'.
[	08-04-2019 20:14:35	] [BAN ACTION] The following ban record has been removed (player unbanned). [Player: Vladimir Zaitsev was banned by Ophlie Newman for Banned by staff. accepte l'argent de quelqu'un until 01/01/3000 00:00:00.]
[	08-04-2019 20:45:26	] [BAN ACTION] The following ban record has been removed (player unbanned). [Player: Jesus Colombian was banned by Viktor Bout (    ) for Banned by staff.ban pour vole de police, tu peux venir t expliqué sur discord until 04/10/2019 19:57:42.]
[	08-04-2019 21:25:48	] [KICK ACTION] Player: Justin Newman has kicked: CroustyZack for: You have been kicked. Reason: Nom Rp sur steam stp.
[	08-04-2019 21:26:02	] [KICK ACTION] Player: Justin Newman has kicked: Cricket for: You have been kicked. Reason: Nom Rp sur steam STP.
[	08-04-2019 21:31:07	] [BAN ACTION] A new ban record has been added. Player: 'Cricket' was banned by 'Justin Newman' for 'Nom et prenom sur steam merci et redemare five m' until '04/08/2019 21:35:55'.
[	08-04-2019 21:31:48	] [BAN ACTION] A new ban record has been added. Player: 'CroustyZack' was banned by 'Justin Newman' for 'nom et prenom su steam merci' until '04/08/2019 21:36:36'.
[	08-04-2019 21:36:36	] [BAN ACTION] The following ban record has been removed (player unbanned). The player has been unbanned because their ban duration expired. [Player: CroustyZack was banned by Justin Newman for nom et prenom su steam merci until 04/08/2019 21:36:36.]
[	08-04-2019 21:36:47	] [BAN ACTION] The following ban record has been removed (player unbanned). The player has been unbanned because their ban duration expired. [Player: Cricket was banned by Justin Newman for Nom et prenom sur steam merci et redemare five m until 04/08/2019 21:35:55.]
[	09-04-2019 17:49:31	] [BAN ACTION] The following ban record has been removed (player unbanned). The player has been unbanned because their ban duration expired. [Player: Hugo was banned by Viktor Bout (    ) for Banned by staff.ban pour non recpect des consignes, eboueur ce fais avec le vehicule d eboueur until 04/08/2019 21:06:33.]
[	10-04-2019 18:16:37	] [BAN ACTION] The following ban record has been removed (player unbanned). The player has been unbanned because their ban duration expired. [Player: Jen Delacrouse was banned by Viktor Bout (    ) for Banned by staff. non respect des consignes + metier eboueur doit ce faire avec le vehicule approprier prochaine fois c est ban def, tu peux venir en parlé si tu le souhaite sur discord until 08/04/2019 20:08:31.]
[	11-04-2019 18:28:57	] [BAN ACTION] A new ban record has been added. Player: 'InvalidPlayerName' was banned by 'Ophlie Newman' for 'Banned by staff. le cheat c'est mal' until '01/01/3000 00:00:00' (forever).
[	11-04-2019 18:42:02	] [BAN ACTION] A new ban record has been added. Player: 'ChrisBTW' was banned by 'Ophlie Newman' for 'Banned by staff. le vole d'une ambulance est interdit, je te laisse venir sur discord si tu veux qu'on discute de ton ban' until '12/04/2019 18:42:02'.
[	11-04-2019 18:47:43	] [BAN ACTION] A new ban record has been added. Player: 'Joey Garcia' was banned by 'Ophlie Newman' for 'Banned by staff. le cheat c'est mal' until '01/01/3000 00:00:00' (forever).
[	11-04-2019 20:15:24	] [KICK ACTION] Player: Ophélie Newman has kicked: ® Drix57 for: You have been kicked. Reason: Nom + prénom steam stp et redemarre five m.
[	11-04-2019 20:20:15	] [BAN ACTION] A new ban record has been added. Player: 'Drix57' was banned by 'Ophlie Newman' for 'Banned by staff. vient sur discord pour etre deban' until '11/04/2019 21:20:15'.
[	11-04-2019 20:31:49	] [BAN ACTION] The following ban record has been removed (player unbanned). [Player: Drix57 was banned by Ophlie Newman for Banned by staff. vient sur discord pour etre deban until 11/04/2019 21:20:15.]
[	11-04-2019 21:30:58	] [KICK ACTION] Player: Ophélie Newman has kicked: Vladimir Zaitsev for: You have been kicked. Reason: ON FAIT UN REBOOT MAINTENANT.
[	11-04-2019 21:31:10	] [KICK ACTION] Player: Ophélie Newman has kicked:  for: You have been kicked. Reason: REBOOT .
[	12-04-2019 14:09:11	] [BAN ACTION] A new ban record has been added. Player: 'arber.2004' was banned by 'Ophlie Newman' for 'Banned by staff. le vol de véhicule de police est interdit si tu veux tu peux venir discord pour qu'on en discute' until '13/04/2019 14:09:11'.
[	12-04-2019 23:40:45	] [KICK ACTION] Player: Alexandre Lafont has kicked: oo AMØNRØX oo for: You have been kicked. Reason: Coucou , il te faut un pseudo rp sur seam. Relance ensuite ton fivem.
[	12-04-2019 23:41:23	] [KICK ACTION] Player: Alexandre Lafont has kicked: [FR] Phoque for: You have been kicked. Reason: Coucou , il te faut un pseudo rp nom + prénom sur steam. Relance fivem quand cela est fait..
[	13-04-2019 00:31:41	] [BAN ACTION] A new ban record has been added. Player: 'marou.t47' was banned by 'Alexandre Lafont' for 'Banned by Lafont. Pseudo non rp + action non rp avec vehicule volé + action non rp en Gav (marteau piqueur et autre)' until '13/04/2019 02:31:41'.
[	13-04-2019 12:41:28	] [BAN ACTION] The following ban record has been removed (player unbanned). The player has been unbanned because their ban duration expired. [Player: Antho Simon was banned by Justin Newman for Reset until 09/04/2019 18:53:18.]
[	13-04-2019 14:41:02	] [BAN ACTION] The following ban record has been removed (player unbanned). The player has been unbanned because their ban duration expired. [Player: Samuel Elros was banned by Jacob Cohen for troll until 13/01/2019 07:15:14.]
[	13-04-2019 15:37:06	] [BAN ACTION] The following ban record has been removed (player unbanned). The player has been unbanned because their ban duration expired. [Player: marou.t47 was banned by Alexandre Lafont for Banned by Lafont. Pseudo non rp + action non rp avec vehicule volé + action non rp en Gav (marteau piqueur et autre) until 13/04/2019 02:31:41.]
[	13-04-2019 18:08:33	] [BAN ACTION] A new ban record has been added. Player: 'Enzo Baret' was banned by 'Viktor Bout (    )' for 'Banned by staff.ban pour cheat, wipe dans 48h' until '15/04/2019 18:08:33'.
[	13-04-2019 18:12:36	] [BAN ACTION] A new ban record has been added. Player: 'Gilles Parballe' was banned by 'Viktor Bout (    )' for 'Banned by staff.ban pour cheat wipe a ton retour' until '15/04/2019 18:12:36'.
[	13-04-2019 18:47:05	] [BAN ACTION] A new ban record has been added. Player: 'Salah Chang' was banned by 'Viktor Bout (    )' for 'Banned by staff.le cheat c est pas bien' until '01/01/3000 00:00:00' (forever).
[	13-04-2019 18:47:13	] [BAN ACTION] A new ban record has been added. Player: 'charles tovoski' was banned by 'Ophlie Newman' for 'Banned by staff.  le cheat c'est mal' until '01/01/3000 00:00:00' (forever).
[	13-04-2019 23:25:03	] [BAN ACTION] A new ban record has been added. Player: 'Evan Dubois' was banned by 'Ophlie Newman' for 'Banned by staff. cheat' until '01/01/3000 00:00:00' (forever).
[	13-04-2019 23:25:41	] [BAN ACTION] A new ban record has been added. Player: 'Jayden Blake' was banned by 'Ophlie Newman' for 'Banned by staff. troll' until '01/01/3000 00:00:00' (forever).
[	14-04-2019 00:43:12	] [BAN ACTION] A new ban record has been added. Player: '[YT] Paulo_DX' was banned by 'Ophlie Newman' for 'Banned by staff. troll' until '01/01/3000 00:00:00' (forever).
[	14-04-2019 00:43:12	] [BAN ACTION] A new ban record has been added. Player: 'InvalidPlayerName' was banned by 'Justin Newman' for 'troll cheat' until '01/01/3000 00:00:00' (forever).
[	14-04-2019 15:05:23	] [KICK ACTION] Player: Alexandre Lafont has kicked: Skyclouud for: You have been kicked. Reason: Hey ! il te faut un pseudo Rp composé d'un prénom et nom en changeant ton pseudo steam.
[	14-04-2019 15:05:55	] [KICK ACTION] Player: Alexandre Lafont has kicked: ndv3 for: You have been kicked. Reason: Hey , il te faut un pseudo rp prénom + nom , il faut changer de nom steam puis re-lancez fivem.
[	14-04-2019 15:06:38	] [KICK ACTION] Player: Alexandre Lafont has kicked: [Fr] xBlow for: You have been kicked. Reason: Hey , il te faut un pseudo Rp composez d'un Prénom + un nom. Change ton pseudo steam puis lance five.
[	14-04-2019 15:07:10	] [KICK ACTION] Player: Alexandre Lafont has kicked: WarMest for: You have been kicked. Reason: Hey ! il te faut un pseudo rp prénom + nom. Pour cela change ton pseudo steam puis lance fivem.
[	14-04-2019 15:11:14	] [KICK ACTION] Player: Alexandre Lafont has kicked:  for: You have been kicked. Reason: 2 éme avertissement : ton pseudo , au prochain tu seras banni tempo le temps que tu changes.
[	14-04-2019 15:12:49	] [KICK ACTION] Player: Alexandre Lafont has kicked: WarMest for: You have been kicked. Reason: 2eme avertissement : ton pseudo. Au prochain tu seras banni tempo le temps de le changer.
[	14-04-2019 15:13:34	] [KICK ACTION] Player: Alexandre Lafont has kicked: Ōkami for: You have been kicked. Reason: Hey ! il te faut un pseudo rp nom + prénom. Change ton nom steam puis relance ton fivem.
[	14-04-2019 17:39:11	] [BAN ACTION] A new ban record has been added. Player: 'Romanesco' was banned by 'Ophlie Newman' for 'Banned by staff. vole de véhicule de police interdit , si tu as envie de discuter de ton ban c'est sur discord' until '15/04/2019 17:39:10'.
[	14-04-2019 19:35:19	] [KICK ACTION] Player: Jack Oneill has kicked: Junitte for: You have been kicked. Reason: Merci de changer de pseudo steam et de relancer FIVEM.
[	14-04-2019 19:53:24	] [KICK ACTION] Player: Jack Oneill has kicked: Peter Street for: You have been kicked. Reason: J'ai prévenue deux foix que les tenues de service public douane , police médecin sont interdit .
[	14-04-2019 22:11:27	] [BAN ACTION] A new ban record has been added. Player: 'Chris Macron' was banned by 'Viktor Bout (    )' for 'Banned by staff.ban pour vole de police, va regardé les regles, merci a toi' until '15/04/2019 22:11:27'.
[	14-04-2019 23:56:38	] [BAN ACTION] A new ban record has been added. Player: 'Eddie Murphy' was banned by 'Viktor Bout (    )' for 'Banned by staff.le cheat c est pas bien,' until '01/01/3000 00:00:00' (forever).
[	14-04-2019 23:57:51	] [BAN ACTION] A new ban record has been added. Player: 'Masta Ths' was banned by 'Viktor Bout (    )' for 'Banned by staff.le cheat c est pas bien tu peux venir discord pour en parlé' until '01/01/3000 00:00:00' (forever).
[	14-04-2019 23:58:18	] [BAN ACTION] A new ban record has been added. Player: 'Jason mc beat' was banned by 'Viktor Bout (    )' for 'Banned by staff.le cheat c est pas bien tu peux en venir en parlé sur discord si tu veux' until '01/01/3000 00:00:00' (forever).
[	15-04-2019 00:16:17	] [BAN ACTION] A new ban record has been added. Player: 'Bryan Brnt' was banned by 'Viktor Bout (    )' for 'Banned by staff. ban pour cheat, tu peux venir t expliqué sur discord, ' until '17/04/2019 00:16:17'.
[	15-04-2019 00:17:14	] [BAN ACTION] A new ban record has been added. Player: 'Peter Smith' was banned by 'Viktor Bout (    )' for 'Banned by staff.le cheat c est pas bien' until '01/01/3000 00:00:00' (forever).
[	15-04-2019 00:33:23	] [BAN ACTION] The following ban record has been removed (player unbanned). [Player: Jason mc beat was banned by Viktor Bout (    ) for Banned by staff.le cheat c est pas bien tu peux en venir en parlé sur discord si tu veux until 01/01/3000 00:00:00.]
[	15-04-2019 00:33:25	] [BAN ACTION] The following ban record has been removed (player unbanned). [Player: Jason mc beat was banned by Viktor Bout (    ) for Banned by staff.le cheat c est pas bien tu peux en venir en parlé sur discord si tu veux until 01/01/3000 00:00:00.]
[	15-04-2019 01:27:21	] [KICK ACTION] Player: Ophélie Newman has kicked: NabiLS for: You have been kicked. Reason: 1 er avertissement dans le coma tu es pas censé parler et encore plus te souvenir de la scène .
[	15-04-2019 02:24:06	] [BAN ACTION] A new ban record has been added. Player: 'Jason mc beat' was banned by 'Viktor Bout (    )' for 'Banned by staff.' until '15/04/2019 14:24:06'.
[	15-04-2019 17:25:10	] [KICK ACTION] Player: Fabrice Rosat has kicked: WaLaS for: You have been kicked. Reason: session instance.
[	15-04-2019 17:45:19	] [BAN ACTION] A new ban record has been added. Player: 'loic210104' was banned by 'Fabrice Rosat' for 'Change ton pseudo steam par ton nom + prénom rp, redémarre FiveM et change ta tenue dès que tu te connecte' until '15/04/2019 17:51:19'.
[	15-04-2019 17:51:57	] [BAN ACTION] A new ban record has been added. Player: 'killeur351' was banned by 'Fabrice Rosat' for 'Change ton pseudo steam par nom + prenom rp et relance FiveM' until '15/04/2019 17:57:57'.
[	15-04-2019 17:52:02	] [BAN ACTION] The following ban record has been removed (player unbanned). The player has been unbanned because their ban duration expired. [Player: loic210104 was banned by Fabrice Rosat for Change ton pseudo steam par ton nom + prénom rp, redémarre FiveM et change ta tenue dès que tu te connecte until 15/04/2019 17:51:19.]
[	15-04-2019 17:58:06	] [BAN ACTION] The following ban record has been removed (player unbanned). The player has been unbanned because their ban duration expired. [Player: killeur351 was banned by Fabrice Rosat for Change ton pseudo steam par nom + prenom rp et relance FiveM until 15/04/2019 17:57:57.]
[	15-04-2019 19:40:00	] [BAN ACTION] A new ban record has been added. Player: 'Dorian Jhonson' was banned by 'Viktor Bout (    )' for 'Banned by staff.' until '01/01/3000 00:00:00' (forever).
[	15-04-2019 20:12:13	] [BAN ACTION] A new ban record has been added. Player: 'Sueno Fuentes' was banned by 'Viktor Bout (    )' for 'Banned by staff.le cheat c est pas bien, je sais la ferrari est badass' until '01/01/3000 00:00:00' (forever).
[	15-04-2019 22:37:07	] [KICK ACTION] Player: Ophélie Newman has kicked: Nabil Andrieu for: You have been kicked. Reason: afk.
[	15-04-2019 22:40:13	] [BAN ACTION] A new ban record has been added. Player: 'Mathys Smith' was banned by 'Ophlie Newman' for 'Banned by staff. le vole de véhicule de police est interdit, si tu veux qu'on discute de ton ban c'est sur discord' until '16/04/2019 22:40:13'.
[	16-04-2019 13:57:07	] [BAN ACTION] A new ban record has been added. Player: 'Thibaut Trypalovski' was banned by 'Ophlie Newman' for 'Banned by staff. troll cheat' until '01/01/3000 00:00:00' (forever).
[	16-04-2019 18:35:57	] [BAN ACTION] The following ban record has been removed (player unbanned). The player has been unbanned because their ban duration expired. [Player: Jason mc beat was banned by Viktor Bout (    ) for Banned by staff. until 15/04/2019 14:24:06.]
[	16-04-2019 23:01:59	] [BAN ACTION] A new ban record has been added. Player: 'mais bouge de la vah' was banned by 'Ophlie Newman' for 'Banned by staff. vole de véhicule interdit' until '17/04/2019 23:01:59'.
[	17-04-2019 00:47:41	] [KICK ACTION] Player: Viktor Bout ( Виктор  Бу ) has kicked: Billy Jackson for: You have been kicked. Reason: kick pour afk.
[	17-04-2019 13:40:16	] [BAN ACTION] The following ban record has been removed (player unbanned). The player has been unbanned because their ban duration expired. [Player: Mathys Smith was banned by Ophlie Newman for Banned by staff. le vole de véhicule de police est interdit, si tu veux qu'on discute de ton ban c'est sur discord until 16/04/2019 22:40:13.]
[	17-04-2019 20:01:43	] [BAN ACTION] A new ban record has been added. Player: 'Aziz Koulib' was banned by 'Ophlie Newman' for 'Banned by staff. troll ' until '01/01/3000 00:00:00' (forever).
[	18-04-2019 17:17:40	] [KICK ACTION] Player: Viktor Bout ( Виктор  Бу ) has kicked: nico for: You have been kicked. Reason: un camion a été mi en place, merci de na pas glitch,.
[	18-04-2019 18:52:13	] [KICK ACTION] Player: Viktor Bout ( Виктор  Бу ) has kicked: yohan lacouane for: You have been kicked. Reason: a.
[	18-04-2019 18:52:16	] [KICK ACTION] Player: Viktor Bout ( Виктор  Бу ) has kicked: Samuel Cardillo for: You have been kicked. Reason: a.
[	18-04-2019 23:09:23	] [BAN ACTION] A new ban record has been added. Player: 'Wizz' was banned by 'Viktor Bout (    )' for 'Banned by staff.vole d helico interdit,' until '19/04/2019 01:09:23'.
[	19-04-2019 17:59:10	] [BAN ACTION] The following ban record has been removed (player unbanned). The player has been unbanned because their ban duration expired. [Player: Wizz was banned by Viktor Bout (    ) for Banned by staff.vole d helico interdit, until 19/04/2019 01:09:23.]
[	19-04-2019 20:28:52	] [BAN ACTION] A new ban record has been added. Player: 'Willy Gonzales' was banned by 'Ophlie Newman' for 'Banned by staff. Vole de véhicule de police interdit ' until '20/04/2019 20:28:52'.
[	19-04-2019 20:29:51	] [BAN ACTION] A new ban record has been added. Player: 'bboyvilain' was banned by 'Viktor Bout (    )' for 'Banned by staff.ban pour vole d epolice je t invite a allez voir le reglement ' until '20/04/2019 20:29:51'.
[	20-04-2019 02:01:07	] [KICK ACTION] Player: Viktor Bout ( Виктор  Бу ) has kicked: Rayan Dubois for: You have been kicked. Reason: afk.
[	20-04-2019 15:12:42	] [BAN ACTION] A new ban record has been added. Player: 'Doudz Dowson' was banned by 'Steve Pellerin' for 'Troll' until '20/05/2019 15:12:42'.
[	20-04-2019 16:42:56	] [BAN ACTION] The following ban record has been removed (player unbanned). The player has been unbanned because their ban duration expired. [Player: Enzo Baret was banned by Viktor Bout (    ) for Banned by staff.ban pour cheat, wipe dans 48h until 15/04/2019 18:08:33.]
[	20-04-2019 21:03:00	] [KICK ACTION] Player: Jack Oneill has kicked: Snake_Eyes for: You have been kicked. Reason: Merci d'indiqué un nom prénom rp sur steam .
[	20-04-2019 21:12:24	] [BAN ACTION] A new ban record has been added. Player: 'Chris Reis' was banned by 'Jack Oneill' for 'Banned by staff. NoFear merci de respecter les régles' until '21/04/2019 03:12:24'.
[	20-04-2019 23:15:31	] [BAN ACTION] A new ban record has been added. Player: 'Tyrron Varn' was banned by 'Fabrice Rosat' for 'Tu joues rp ou tu reviens pas, ok ?' until '20/04/2019 23:21:31'.
[	20-04-2019 23:16:39	] [BAN ACTION] A new ban record has been added. Player: 'Wade Beker' was banned by 'Fabrice Rosat' for 'Banned by staff.' until '01/01/3000 00:00:00' (forever).
[	20-04-2019 23:22:16	] [BAN ACTION] The following ban record has been removed (player unbanned). The player has been unbanned because their ban duration expired. [Player: Tyrron Varn was banned by Fabrice Rosat for Tu joues rp ou tu reviens pas, ok ? until 20/04/2019 23:21:31.]
[	21-04-2019 12:46:58	] [BAN ACTION] The following ban record has been removed (player unbanned). The player has been unbanned because their ban duration expired. [Player: ||||||||||||||||||||||||||||||| was banned by Helmut Tchatcho for Nom + Prénom RP  until 24/02/2019 15:50:50.]
[	21-04-2019 13:24:37	] [KICK ACTION] Player: Ophélie Newman has kicked: Arthur Desaus for: You have been kicked. Reason: On ne fait pas son métier en moto ! Tu peux venir discord si besoin, tu as juste était kick.
[	21-04-2019 13:27:57	] [BAN ACTION] A new ban record has been added. Player: 'SuroSpeler' was banned by 'Ophlie Newman' for 'Banned by staff. vole de véhicule de police interdit, je t'invite a aller lire les regles du serveur et si jamais venir discord pour en discuter*' until '22/04/2019 13:27:57'.
[	21-04-2019 13:31:25	] [BAN ACTION] A new ban record has been added. Player: 'Theo Yuna' was banned by 'Ophlie Newman' for 'Banned by staff.' until '01/01/3000 00:00:00' (forever).
[	21-04-2019 18:55:27	] [BAN ACTION] A new ban record has been added. Player: 'Michael Bouboul' was banned by 'Viktor Bout (    )' for 'Banned by staff.vole interdit de police' until '01/01/3000 00:00:00' (forever).
[	21-04-2019 18:57:08	] [BAN ACTION] A new ban record has been added. Player: 'Bynoxx [Uranium]' was banned by 'Viktor Bout (    )' for 'Banned by staff.saut non rp, go voir le reglement' until '23/04/2019 18:57:08'.
[	21-04-2019 18:57:41	] [BAN ACTION] A new ban record has been added. Player: 'InvalidPlayerName' was banned by 'Viktor Bout (    )' for 'Banned by staff.action non rp, comme ton pote' until '23/04/2019 18:57:41'.
[	21-04-2019 21:52:51	] [BAN ACTION] A new ban record has been added. Player: 'Luffy Monkey' was banned by 'Ophlie Newman' for 'Banned by staff. le vole de véhicule de police est interdit, je t'invite a lire le reglement ou venir sur discord discuter de ton ban' until '22/04/2019 21:52:51'.
[	21-04-2019 21:58:21	] [BAN ACTION] The following ban record has been removed (player unbanned). [Player: Luffy Monkey was banned by Ophlie Newman for Banned by staff. le vole de véhicule de police est interdit, je t'invite a lire le reglement ou venir sur discord discuter de ton ban until 22/04/2019 21:52:51.]
[	22-04-2019 00:46:00	] [BAN ACTION] A new ban record has been added. Player: 'Mr_YaYa [Havanna RP]' was banned by 'Viktor Bout (    )' for 'Banned by staff.le vole est interdit tu peux venir en parlé sur discord' until '01/01/3000 00:00:00' (forever).
[	22-04-2019 14:16:01	] [BAN ACTION] A new ban record has been added. Player: 'amine elmouktard' was banned by 'Viktor Bout (    )' for 'Banned by staff.ban pour action non rp tu peux venir en parlé sur discord' until '22/05/2019 14:16:01'.
[	22-04-2019 14:16:57	] [BAN ACTION] A new ban record has been added. Player: 'Jack Oneill' was banned by 'Jack Oneill' for 'Banned by staff.NO RP' until '23/04/2019 00:16:57'.
[	22-04-2019 14:17:18	] [BAN ACTION] The following ban record has been removed (player unbanned). [Player: Jack Oneill was banned by Jack Oneill for Banned by staff.NO RP until 23/04/2019 00:16:57.]
[	22-04-2019 14:39:53	] [KICK ACTION] Player: Jack Oneill has kicked: Axel Folai for: You have been kicked. Reason: ne reste pas actif en police si tu n'est pas en jeux merci .
[	22-04-2019 14:50:14	] [KICK ACTION] Player: Viktor Bout ( Виктор  Бу ) has kicked: Joris Verdas for: You have been kicked. Reason: kick tu es instancier.
[	22-04-2019 15:02:20	] [BAN ACTION] A new ban record has been added. Player: 'Julien Strazberg' was banned by 'Ophlie Newman' for 'Banned by staff. Le cheat c'est mal *' until '01/01/3000 00:00:00' (forever).
[	22-04-2019 15:24:54	] [KICK ACTION] Player: Ophélie Newman has kicked:  for: You have been kicked. Reason: Instancier.
[	22-04-2019 17:15:04	] [KICK ACTION] Player: Fabrice Rosat has kicked: NudaxGaming for: You have been kicked. Reason: Là t'es kick parce que tu n'écoutes pas.
[	22-04-2019 18:14:02	] [BAN ACTION] A new ban record has been added. Player: 'James Anconna' was banned by 'Fabrice Rosat' for 'T'appelle ca un rp enfant ?' until '29/04/2019 18:14:02'.
[	22-04-2019 19:25:50	] [BAN ACTION] A new ban record has been added. Player: 'Lucas Createur' was banned by 'Jack Oneill' for 'Banned by staff. nO RP , insulte , manque de respect staff' until '29/04/2019 19:25:50'.
[	22-04-2019 21:40:03	] [BAN ACTION] A new ban record has been added. Player: 'Jean Pest' was banned by 'Ophlie Newman' for 'Banned by staff. le troll c'est mal' until '01/01/3000 00:00:00' (forever).
[	22-04-2019 23:31:27	] [BAN ACTION] A new ban record has been added. Player: 'James Hawkins' was banned by 'Ophlie Newman' for 'Banned by staff.' until '01/01/3000 00:00:00' (forever).
[	22-04-2019 23:31:33	] [BAN ACTION] A new ban record has been added. Player: 'malik  lapin' was banned by 'Ophlie Newman' for 'Banned by staff.' until '01/01/3000 00:00:00' (forever).
[	23-04-2019 22:31:21	] [BAN ACTION] A new ban record has been added. Player: 'Travis Diko' was banned by 'Viktor Bout (    )' for 'Banned by staff.le cheat c est pas bien :-)' until '01/01/3000 00:00:00' (forever).
[	23-04-2019 22:52:06	] [KICK ACTION] Player: Alexandre Lafont has kicked: Patrick92 (FR) for: You have been kicked. Reason: Hey ! merci d'adoptez un pseudo RP nom + prénom en changeant ton pseudo steam et relancer fivem.
[	23-04-2019 23:39:06	] [KICK ACTION] Player: Alexandre Lafont has kicked: Patrick92 (FR) for: You have been kicked. Reason: 2 eme avertissent : ton pseudo.
[	24-04-2019 17:30:41	] [BAN ACTION] A new ban record has been added. Player: 'azizou potter' was banned by 'Ophlie Newman' for 'Banned by staff. vole de véhicule de police interdit, je t'invite a lire les regles du serveur, et/ou de venir sur discord discuter de ton ban' until '25/04/2019 17:30:41'.
[	24-04-2019 17:47:45	] [BAN ACTION] A new ban record has been added. Player: 'Luffy Monkey' was banned by 'Jack Oneill' for 'Banned by staff.Nofear , provocation inutile , tazer mes continue à courrire' until '26/04/2019 17:47:45'.
[	24-04-2019 20:22:48	] [BAN ACTION] A new ban record has been added. Player: 'Tom Zitano' was banned by 'Alexandre Lafont' for 'Banned by staff.Il faut lire les régles , on ne vole pas les voiture de police' until '24/04/2019 22:22:48'.
[	24-04-2019 22:19:45	] [KICK ACTION] Player: Alexandre Lafont has kicked: overty92 for: You have been kicked. Reason: Hey ! change ton pseudo si il te plait. Change le sur Steam et relance fivem.
[	25-04-2019 17:46:42	] [BAN ACTION] A new ban record has been added. Player: 'KW' was banned by 'Viktor Bout (    )' for 'Banned by staff. ban pour vole de polices interdit, va voir le reglement, tu peux venir en parlé sur discord ^^' until '01/01/3000 00:00:00' (forever).
[	25-04-2019 17:53:24	] [BAN ACTION] A new ban record has been added. Player: 'luluuuuu' was banned by 'Viktor Bout (    )' for 'Banned by staff.saut non rp avec un camion' until '26/04/2019 17:53:24'.
[	25-04-2019 19:58:27	] [BAN ACTION] The following ban record has been removed (player unbanned). The player has been unbanned because their ban duration expired. [Player: Bryan Brnt was banned by Viktor Bout (    ) for Banned by staff. ban pour cheat, tu peux venir t expliqué sur discord,  until 17/04/2019 00:16:17.]
[	25-04-2019 21:31:49	] [BAN ACTION] A new ban record has been added. Player: 'Aaron Clay' was banned by 'Viktor Bout (    )' for 'Banned by staff.comportement totalement hrp' until '26/04/2019 21:31:49'.
[	25-04-2019 21:32:13	] [BAN ACTION] A new ban record has been added. Player: 'Maya Quintero' was banned by 'Viktor Bout (    )' for 'Banned by staff.action non rp comme toi pote' until '26/04/2019 21:32:13'.
[	25-04-2019 21:49:56	] [KICK ACTION] Player: Viktor Bout ( Виктор  Бу ) has kicked: Bruce Willer for: You have been kicked. Reason: reboot.
[	26-04-2019 00:29:42	] [BAN ACTION] A new ban record has been added. Player: 'William Bratton' was banned by 'Viktor Bout (    )' for 'Banned by staff.le cheat c est pas bien' until '01/01/3000 00:00:00' (forever).
[	26-04-2019 00:29:51	] [BAN ACTION] A new ban record has been added. Player: 'Marcus Burnett' was banned by 'Viktor Bout (    )' for 'Banned by staff.le cheat c est pas bien' until '01/01/3000 00:00:00' (forever).
[	26-04-2019 00:32:34	] [BAN ACTION] The following ban record has been removed (player unbanned). [Player: Marcus Burnett was banned by Viktor Bout (    ) for Banned by staff.le cheat c est pas bien until 01/01/3000 00:00:00.]
[	26-04-2019 00:32:38	] [BAN ACTION] The following ban record has been removed (player unbanned). [Player: William Bratton was banned by Viktor Bout (    ) for Banned by staff.le cheat c est pas bien until 01/01/3000 00:00:00.]
[	26-04-2019 15:26:47	] [BAN ACTION] The following ban record has been removed (player unbanned). [Player: Luffy Monkey was banned by Jack Oneill for Banned by staff.Nofear , provocation inutile , tazer mes continue à courrire until 26/04/2019 17:47:45.]
[	26-04-2019 16:12:32	] [BAN ACTION] A new ban record has been added. Player: 'Luffy Monkey' was banned by 'Alexandre Lafont' for 'Banned by staff. Action hrp' until '26/04/2019 18:12:32'.
[	26-04-2019 16:31:12	] [BAN ACTION] A new ban record has been added. Player: 'Elias Becker' was banned by 'Ophlie Newman' for 'Banned by staff. taper en zone safe + insulte va lire les regles on en rediscute' until '27/04/2019 16:31:12'.
[	26-04-2019 18:03:55	] [BAN ACTION] The following ban record has been removed (player unbanned). The player has been unbanned because their ban duration expired. [Player: luluuuuu was banned by Viktor Bout (    ) for Banned by staff.saut non rp avec un camion until 26/04/2019 17:53:24.]
[	26-04-2019 18:14:03	] [BAN ACTION] A new ban record has been added. Player: 'Diogo Ramos' was banned by 'Ophlie Newman' for 'Banned by staff. le cheat c'est mal, et kill au parking central interdit. Tu peux venir discord si tu as besoin d'en discuter' until '01/01/3000 00:00:00' (forever).
[	26-04-2019 22:45:54	] [BAN ACTION] A new ban record has been added. Player: 'Bilou Bakara' was banned by 'Ophlie Newman' for 'Banned by staff.C'est pas bien de ce tp ohlala' until '01/01/3000 00:00:00' (forever).
[	28-04-2019 00:25:16	] [BAN ACTION] A new ban record has been added. Player: 'InvalidPlayerName' was banned by 'Viktor Bout (    )' for 'Banned by staff. tu as pas l age requis pour jouer sur le serveur, ' until '01/01/3000 00:00:00' (forever).
[	28-04-2019 22:59:00	] [BAN ACTION] A new ban record has been added. Player: 'Sherzy Merkel' was banned by 'Jack Oneill' for 'Banned by staff.le cheqt c4ets p;qs bien' until '01/01/3000 00:00:00' (forever).
[	29-04-2019 18:16:19	] [BAN ACTION] A new ban record has been added. Player: '1Frderic_Dujardin' was banned by 'Ophlie Newman' for 'Banned by staff. cheater' until '01/01/3000 00:00:00' (forever).
[	29-04-2019 21:39:25	] [KICK ACTION] Player: Viktor Bout ( Виктор  Бу ) has kicked: Arthur Desaus for: You have been kicked. Reason: kick pour reboot :-).
[	29-04-2019 22:00:02	] [BAN ACTION] The following ban record has been removed (player unbanned). The player has been unbanned because their ban duration expired. [Player: Chris Reis was banned by Jack Oneill for Banned by staff. NoFear merci de respecter les régles until 21/04/2019 03:12:24.]
[	29-04-2019 23:18:33	] [BAN ACTION] The following ban record has been removed (player unbanned). The player has been unbanned because their ban duration expired. [Player: Thibaut Galdeano was banned by Marcus Burnett for Banned by staff. until 12/02/2019 19:47:39.]
[	30-04-2019 22:03:32	] [BAN ACTION] A new ban record has been added. Player: 'Centino Ravado' was banned by 'Viktor Bout (    )' for 'Banned by staff.le cheat c est pas bien ^^' until '01/01/3000 00:00:00' (forever).
[	30-04-2019 23:07:25	] [BAN ACTION] A new ban record has been added. Player: 'InvalidPlayerName' was banned by 'Viktor Bout (    )' for 'Banned by staff.eazeae' until '01/01/3000 00:00:00' (forever).
[	30-04-2019 23:30:24	] [KICK ACTION] Player: Jack Oneill has kicked: Karim Le Vendeur De Tong for: You have been kicked. Reason: Nom pas rp modifier sur steam puis reconnecter au serveur .
[	30-04-2019 23:34:56	] [BAN ACTION] A new ban record has been added. Player: 'Killian Kleist' was banned by 'Jack Oneill' for 'Banned by staff. On accepte pas la publicité et les insultes Bonne continuation' until '01/01/3000 00:00:00' (forever).
[	01-05-2019 11:21:00	] [BAN ACTION] The following ban record has been removed (player unbanned). [Player: Killian Kleist was banned by Jack Oneill for Banned by staff. On accepte pas la publicité et les insultes Bonne continuation until 01/01/3000 00:00:00.]
[	01-05-2019 17:40:22	] [KICK ACTION] Player: Ophélie Newman has kicked: Musashi™ Miyamoto for: You have been kicked. Reason: rebooy.
[	01-05-2019 17:46:46	] [KICK ACTION] Player: Ophélie Newman has kicked: Pierre Becard for: You have been kicked. Reason: Le serv est pas on.
[	01-05-2019 17:46:55	] [KICK ACTION] Player: Ophélie Newman has kicked: Bubul Roort for: You have been kicked. Reason: le serv est pas on.
[	01-05-2019 17:47:03	] [KICK ACTION] Player: Ophélie Newman has kicked: Emmanuel Roort for: You have been kicked. Reason: le serv est pas on.
[	01-05-2019 19:30:32	] [BAN ACTION] A new ban record has been added. Player: 'Bubul Roort' was banned by 'Ophlie Newman' for 'Banned by staff.le cheat c'est mal' until '01/01/3000 00:00:00' (forever).
[	01-05-2019 19:30:47	] [BAN ACTION] A new ban record has been added. Player: 'Emmanuel Roort' was banned by 'Ophlie Newman' for 'Banned by staff.le cheat c'est mal' until '01/01/3000 00:00:00' (forever).
[	01-05-2019 19:30:55	] [BAN ACTION] A new ban record has been added. Player: 'Pierre Becard' was banned by 'Ophlie Newman' for 'Banned by staff.le cheat c'est mal' until '01/01/3000 00:00:00' (forever).
[	01-05-2019 19:33:22	] [BAN ACTION] A new ban record has been added. Player: 'Mathis Bakour' was banned by 'Ophlie Newman' for 'Banned by staff. le vole de véhicule de police interdit, je te pris d'aller lire le réglement et au pire venir discord' until '02/05/2019 19:33:22'.
[	01-05-2019 19:53:11	] [BAN ACTION] A new ban record has been added. Player: 'Igor LaCajoue' was banned by 'Ophlie Newman' for 'Banned by staff. le carkill a éviter ' until '03/05/2019 19:53:11'.
[	01-05-2019 21:46:02	] [BAN ACTION] A new ban record has been added. Player: 'Henry Davison' was banned by 'Viktor Bout (    )' for 'Banned by staff. braquage a la bate pas rp' until '01/05/2019 23:46:02'.
[	01-05-2019 21:46:21	] [BAN ACTION] A new ban record has been added. Player: 'Patrick Richou' was banned by 'Viktor Bout (    )' for 'Banned by staff.braquage a la bate pas rp' until '01/05/2019 23:46:21'.
[	02-05-2019 00:03:57	] [BAN ACTION] A new ban record has been added. Player: 'Nikola Akrapovic' was banned by 'Ophlie Newman' for 'Banned by staff. le cheat c'est mal ' until '01/01/3000 00:00:00' (forever).
[	02-05-2019 00:04:07	] [BAN ACTION] A new ban record has been added. Player: 'Rayane Bouchouche' was banned by 'Ophlie Newman' for 'Banned by staff.Pareil que ton pote le cheat c'est mal' until '01/01/3000 00:00:00' (forever).
[	02-05-2019 11:41:54	] [BAN ACTION] A new ban record has been added. Player: 'Mobk' was banned by 'Viktor Bout (    )' for 'Banned by staff.le cheat c est pas bien, tu peux venir t expliqué sur discord' until '01/01/3000 00:00:00' (forever).
[	02-05-2019 15:43:02	] [BAN ACTION] A new ban record has been added. Player: 'InvalidPlayerName' was banned by 'Viktor Bout (    )' for 'Banned by staff.fdp' until '01/01/3000 00:00:00' (forever).
[	02-05-2019 16:13:52	] [BAN ACTION] A new ban record has been added. Player: 'Eddie Delish' was banned by 'Viktor Bout (    )' for 'Banned by staff.le cheat c est pas bien' until '01/01/3000 00:00:00' (forever).
[	02-05-2019 16:15:17	] [BAN ACTION] The following ban record has been removed (player unbanned). [Player: Eddie Delish was banned by Viktor Bout (    ) for Banned by staff.le cheat c est pas bien until 01/01/3000 00:00:00.]
[	16-07-2019 20:08:10	] [KICK ACTION] Player: Scott Swagger has kicked:  for: You have been kicked. Reason: ATTENDRE L'ANNONCE SERVEUR ON ! NOM PRENOM RP STEAM.
[	16-07-2019 20:09:18	] [KICK ACTION] Player: Scott Swagger has kicked:  for: You have been kicked. Reason: ..
