Resolved live-internal.fivem.net:30110 to 178.32.9.100:30110
Creating script environments for _cfx_internal
Found new resource NativeUI in /home/ogp_agent/OGP_User_Files/V2/resources//NativeUI
Found new resource loadipl in /home/ogp_agent/OGP_User_Files/V2/resources//loadipl
Found new resource vMenu in /home/ogp_agent/OGP_User_Files/V2/resources//vMenu
Found new resource fivem-awesome1501 in /home/ogp_agent/OGP_User_Files/V2/resources//fivem-awesome1501
Found new resource bob74_ipl in /home/ogp_agent/OGP_User_Files/V2/resources//bob74_ipl
Found new resource fivemqueue in /home/ogp_agent/OGP_User_Files/V2/resources//fivemqueue
Found new resource fivem-ipl in /home/ogp_agent/OGP_User_Files/V2/resources//fivem-ipl
Found new resource ipl in /home/ogp_agent/OGP_User_Files/V2/resources//ipl
Found new resource runcode in /home/ogp_agent/OGP_User_Files/V2/resources//runcode
Found new resource fivem-map-hipster in /home/ogp_agent/OGP_User_Files/V2/resources//fivem-map-hipster
Found new resource fivem-map-skater in /home/ogp_agent/OGP_User_Files/V2/resources//fivem-map-skater
Found new resource fivem in /home/ogp_agent/OGP_User_Files/V2/resources//fivem
Found new resource playernames in /home/ogp_agent/OGP_User_Files/V2/resources//[gameplay]/playernames
Found new resource obituary in /home/ogp_agent/OGP_User_Files/V2/resources//[gameplay]/obituary
Found new resource obituary-deaths in /home/ogp_agent/OGP_User_Files/V2/resources//[gameplay]/obituary-deaths
Found new resource irc in /home/ogp_agent/OGP_User_Files/V2/resources//[gameplay]/irc
Found new resource NoReticle in /home/ogp_agent/OGP_User_Files/V2/resources//[gameplay]/NoReticle
Found new resource channelfeed in /home/ogp_agent/OGP_User_Files/V2/resources//[gameplay]/channelfeed
Found new resource keks in /home/ogp_agent/OGP_User_Files/V2/resources//[test]/keks
Found new resource betaguns in /home/ogp_agent/OGP_User_Files/V2/resources//[test]/betaguns
Found new resource gameInit in /home/ogp_agent/OGP_User_Files/V2/resources//[test]/gameInit
Found new resource replacet20 in /home/ogp_agent/OGP_User_Files/V2/resources//[CARSMODDING]/replacet20
Found new resource demonhawk in /home/ogp_agent/OGP_User_Files/V2/resources//[CARSMODDING]/demonhawk
Found new resource 911gtrs in /home/ogp_agent/OGP_User_Files/V2/resources//[CARSMODDING]/911gtrs
Found new resource h6 in /home/ogp_agent/OGP_User_Files/V2/resources//[CARSMODDING]/h6
Found new resource pista in /home/ogp_agent/OGP_User_Files/V2/resources//[CARSMODDING]/pista
Found new resource ferrarie in /home/ogp_agent/OGP_User_Files/V2/resources//[CARSMODDING]/ferrarie
Found new resource gtr in /home/ogp_agent/OGP_User_Files/V2/resources//[CARSMODDING]/gtr
Found new resource chat-theme-gtao in /home/ogp_agent/OGP_User_Files/V2/resources//[system]/chat-theme-gtao
Found new resource spawnmanager in /home/ogp_agent/OGP_User_Files/V2/resources//[system]/spawnmanager
Found new resource rconlog in /home/ogp_agent/OGP_User_Files/V2/resources//[system]/rconlog
Found new resource hardcap in /home/ogp_agent/OGP_User_Files/V2/resources//[system]/hardcap
Found new resource baseevents in /home/ogp_agent/OGP_User_Files/V2/resources//[system]/baseevents
Found new resource scoreboard in /home/ogp_agent/OGP_User_Files/V2/resources//[system]/scoreboard
Found new resource chat in /home/ogp_agent/OGP_User_Files/V2/resources//[system]/chat
Found new resource sessionmanager in /home/ogp_agent/OGP_User_Files/V2/resources//[system]/sessionmanager
Found new resource esx_basicneeds in /home/ogp_agent/OGP_User_Files/V2/resources//[ESSENTIAL]/esx_basicneeds
Found new resource esx_whitelist in /home/ogp_agent/OGP_User_Files/V2/resources//[ESSENTIAL]/esx_whitelist
Found new resource voicechat in /home/ogp_agent/OGP_User_Files/V2/resources//[ESSENTIAL]/voicechat
Found new resource PvP in /home/ogp_agent/OGP_User_Files/V2/resources//[ESSENTIAL]/PvP
Found new resource esplugin_mysql in /home/ogp_agent/OGP_User_Files/V2/resources//[ESSENTIAL]/esplugin_mysql
Found new resource essentialmode.bak in /home/ogp_agent/OGP_User_Files/V2/resources//[ESSENTIAL]/essentialmode.bak
Found new resource esx_addoninventory in /home/ogp_agent/OGP_User_Files/V2/resources//[ESSENTIAL]/esx_addoninventory
Found new resource knockout in /home/ogp_agent/OGP_User_Files/V2/resources//[ESSENTIAL]/knockout
Found new resource async in /home/ogp_agent/OGP_User_Files/V2/resources//[ESSENTIAL]/async
Found new resource progressBars in /home/ogp_agent/OGP_User_Files/V2/resources//[ESSENTIAL]/progressBars
Found new resource mysql-async in /home/ogp_agent/OGP_User_Files/V2/resources//[ESSENTIAL]/mysql-async
Found new resource cron in /home/ogp_agent/OGP_User_Files/V2/resources//[ESSENTIAL]/cron
Found new resource esx_accessories in /home/ogp_agent/OGP_User_Files/V2/resources//[ESSENTIAL]/esx_accessories
Found new resource vBasic in /home/ogp_agent/OGP_User_Files/V2/resources//[ESSENTIAL]/vBasic
Found new resource esx_addonaccount in /home/ogp_agent/OGP_User_Files/V2/resources//[ESSENTIAL]/esx_addonaccount
Found new resource esx_status in /home/ogp_agent/OGP_User_Files/V2/resources//[ESSENTIAL]/esx_status
Found new resource esx_society in /home/ogp_agent/OGP_User_Files/V2/resources//[ESSENTIAL]/esx_society
Found new resource hav_whitelistdb in /home/ogp_agent/OGP_User_Files/V2/resources//[ESSENTIAL]/hav_whitelistdb
Found new resource essentialmode in /home/ogp_agent/OGP_User_Files/V2/resources//[ESSENTIAL]/essentialmode
Found new resource esx_billing in /home/ogp_agent/OGP_User_Files/V2/resources//[ESSENTIAL]/esx_billing
Found new resource es_admin2 in /home/ogp_agent/OGP_User_Files/V2/resources//[ESSENTIAL]/es_admin2
Found new resource SS in /home/ogp_agent/OGP_User_Files/V2/resources//[PED]/SS
Found new resource baby in /home/ogp_agent/OGP_User_Files/V2/resources//[PED]/baby
Found new resource minibabygroot in /home/ogp_agent/OGP_User_Files/V2/resources//[PED]/minibabygroot
Found new resource Chloe1 in /home/ogp_agent/OGP_User_Files/V2/resources//[PED]/Chloe1
Resource loading for Chloe1 failed:
Could not open resource metadata file /home/ogp_agent/OGP_User_Files/V2/resources//[PED]/Chloe1/__resource.lua.
Found new resource yoda in /home/ogp_agent/OGP_User_Files/V2/resources//[PED]/yoda
Found new resource child2 in /home/ogp_agent/OGP_User_Files/V2/resources//[PED]/child2
Found new resource panther in /home/ogp_agent/OGP_User_Files/V2/resources//[PED]/panther
Found new resource HarleyQuinn in /home/ogp_agent/OGP_User_Files/V2/resources//[PED]/HarleyQuinn
Found new resource ironman in /home/ogp_agent/OGP_User_Files/V2/resources//[PED]/ironman
Found new resource zeus in /home/ogp_agent/OGP_User_Files/V2/resources//[PED]/zeus
Found new resource DeadPool in /home/ogp_agent/OGP_User_Files/V2/resources//[PED]/DeadPool
Found new resource mk50 in /home/ogp_agent/OGP_User_Files/V2/resources//[PED]/mk50
Found new resource shrek in /home/ogp_agent/OGP_User_Files/V2/resources//[PED]/shrek
Found new resource skeleton in /home/ogp_agent/OGP_User_Files/V2/resources//[PED]/skeleton
Found new resource Dante in /home/ogp_agent/OGP_User_Files/V2/resources//[PED]/Dante
Found new resource esx_skin in /home/ogp_agent/OGP_User_Files/V2/resources//[MENU]/esx_skin
Found new resource esx_menu_list in /home/ogp_agent/OGP_User_Files/V2/resources//[MENU]/esx_menu_list
Found new resource es_extended.bak in /home/ogp_agent/OGP_User_Files/V2/resources//[MENU]/es_extended.bak
Found new resource esx_identity in /home/ogp_agent/OGP_User_Files/V2/resources//[MENU]/esx_identity
Found new resource radialmenu in /home/ogp_agent/OGP_User_Files/V2/resources//[MENU]/radialmenu
Found new resource radialvehicule in /home/ogp_agent/OGP_User_Files/V2/resources//[MENU]/radialvehicule
Found new resource skinchanger in /home/ogp_agent/OGP_User_Files/V2/resources//[MENU]/skinchanger
Found new resource esx_inventoryhud_trunk in /home/ogp_agent/OGP_User_Files/V2/resources//[MENU]/esx_inventoryhud_trunk
Found new resource esx_inventoryhud in /home/ogp_agent/OGP_User_Files/V2/resources//[MENU]/esx_inventoryhud
Found new resource es_extended in /home/ogp_agent/OGP_User_Files/V2/resources//[MENU]/es_extended
Found new resource esx_menu_dialog in /home/ogp_agent/OGP_User_Files/V2/resources//[MENU]/esx_menu_dialog
Found new resource nb_menuperso in /home/ogp_agent/OGP_User_Files/V2/resources//[MENU]/nb_menuperso
Found new resource esx_menu_default in /home/ogp_agent/OGP_User_Files/V2/resources//[MENU]/esx_menu_default
Found new resource nb_menuperso.bak3 in /home/ogp_agent/OGP_User_Files/V2/resources//[MENU]/nb_menuperso.bak3
Found new resource nb_menuperso.bak2 in /home/ogp_agent/OGP_User_Files/V2/resources//[MENU]/nb_menuperso.bak2
Found new resource lifebook in /home/ogp_agent/OGP_User_Files/V2/resources//[MAP]/lifebook
Found new resource panneaux in /home/ogp_agent/OGP_User_Files/V2/resources//[MAP]/panneaux
Found new resource Range in /home/ogp_agent/OGP_User_Files/V2/resources//[MAP]/Range
Found new resource ranch in /home/ogp_agent/OGP_User_Files/V2/resources//[MAP]/ranch
Found new resource UFC in /home/ogp_agent/OGP_User_Files/V2/resources//[MAP]/UFC
Found new resource allcity_medical in /home/ogp_agent/OGP_User_Files/V2/resources//[MAP]/allcity_medical
Found new resource church in /home/ogp_agent/OGP_User_Files/V2/resources//[MAP]/church
Found new resource trevor2 in /home/ogp_agent/OGP_User_Files/V2/resources//[MAP]/trevor2
Found new resource villa in /home/ogp_agent/OGP_User_Files/V2/resources//[MAP]/villa
Found new resource sexshop in /home/ogp_agent/OGP_User_Files/V2/resources//[MAP]/sexshop
Found new resource beach in /home/ogp_agent/OGP_User_Files/V2/resources//[MAP]/beach
Found new resource databas-park in /home/ogp_agent/OGP_User_Files/V2/resources//[MAP]/databas-park
Found new resource michousef in /home/ogp_agent/OGP_User_Files/V2/resources//[MAP]/michousef
Found new resource bureaumecha in /home/ogp_agent/OGP_User_Files/V2/resources//[MAP]/bureaumecha
Found new resource skate3 in /home/ogp_agent/OGP_User_Files/V2/resources//[MAP]/skate3
Found new resource modernranch in /home/ogp_agent/OGP_User_Files/V2/resources//[MAP]/modernranch
Found new resource mansionr in /home/ogp_agent/OGP_User_Files/V2/resources//[MAP]/mansionr
Found new resource mansion in /home/ogp_agent/OGP_User_Files/V2/resources//[MAP]/mansion
Found new resource michael in /home/ogp_agent/OGP_User_Files/V2/resources//[MAP]/michael
Found new resource ballas in /home/ogp_agent/OGP_User_Files/V2/resources//[MAP]/ballas
Found new resource prison-map-addon in /home/ogp_agent/OGP_User_Files/V2/resources//[MAP]/prison-map-addon
Found new resource mapping in /home/ogp_agent/OGP_User_Files/V2/resources//[MAP]/mapping
Found new resource fmansion in /home/ogp_agent/OGP_User_Files/V2/resources//[MAP]/fmansion
Found new resource club in /home/ogp_agent/OGP_User_Files/V2/resources//[MAP]/club
Found new resource nw_bahamaMama in /home/ogp_agent/OGP_User_Files/V2/resources//[MAP]/nw_bahamaMama
Found new resource policemap in /home/ogp_agent/OGP_User_Files/V2/resources//[MAP]/policemap
Found new resource villa2 in /home/ogp_agent/OGP_User_Files/V2/resources//[MAP]/villa2
Found new resource trevorr in /home/ogp_agent/OGP_User_Files/V2/resources//[MAP]/trevorr
Found new resource maison in /home/ogp_agent/OGP_User_Files/V2/resources//[MAP]/maison
Found new resource c_policestation_needs in /home/ogp_agent/OGP_User_Files/V2/resources//[MAP]/c_policestation_needs
Found new resource studio in /home/ogp_agent/OGP_User_Files/V2/resources//[MAP]/studio
Found new resource circuit in /home/ogp_agent/OGP_User_Files/V2/resources//[MAP]/circuit
Found new resource hospital in /home/ogp_agent/OGP_User_Files/V2/resources//[MAP]/hospital
Found new resource concess in /home/ogp_agent/OGP_User_Files/V2/resources//[MAP]/concess
Found new resource propy in /home/ogp_agent/OGP_User_Files/V2/resources//[MAP]/propy
Found new resource race-test in /home/ogp_agent/OGP_User_Files/V2/resources//[gamemodes]/race-test
Found new resource race in /home/ogp_agent/OGP_User_Files/V2/resources//[gamemodes]/race
Found new resource mapmanager in /home/ogp_agent/OGP_User_Files/V2/resources//[managers]/mapmanager
Found new resource dodgeems in /home/ogp_agent/OGP_User_Files/V2/resources//[CARSMODDING]/[ambulance]/dodgeems
Found new resource ems in /home/ogp_agent/OGP_User_Files/V2/resources//[CARSMODDING]/[ambulance]/ems
Found new resource heliems1 in /home/ogp_agent/OGP_User_Files/V2/resources//[CARSMODDING]/[ambulance]/heliems1
Found new resource emsfpiu in /home/ogp_agent/OGP_User_Files/V2/resources//[CARSMODDING]/[ambulance]/emsfpiu
Found new resource moto in /home/ogp_agent/OGP_User_Files/V2/resources//[CARSMODDING]/[police]/moto
Found new resource fbi in /home/ogp_agent/OGP_User_Files/V2/resources//[CARSMODDING]/[police]/fbi
Found new resource police2 in /home/ogp_agent/OGP_User_Files/V2/resources//[CARSMODDING]/[police]/police2
Found new resource schafter in /home/ogp_agent/OGP_User_Files/V2/resources//[CARSMODDING]/[police]/schafter
Found new resource Insurgent in /home/ogp_agent/OGP_User_Files/V2/resources//[CARSMODDING]/[police]/Insurgent
Found new resource interceptor in /home/ogp_agent/OGP_User_Files/V2/resources//[CARSMODDING]/[police]/interceptor
Found new resource policechiron in /home/ogp_agent/OGP_User_Files/V2/resources//[CARSMODDING]/[police]/policechiron
Found new resource mazepol in /home/ogp_agent/OGP_User_Files/V2/resources//[CARSMODDING]/[police]/mazepol
Found new resource webpack in /home/ogp_agent/OGP_User_Files/V2/resources//[system]/[builders]/webpack
Found new resource yarn in /home/ogp_agent/OGP_User_Files/V2/resources//[system]/[builders]/yarn
Found new resource esx-qalle-jail in /home/ogp_agent/OGP_User_Files/V2/resources//[ESX]/[PRISON]/esx-qalle-jail
Found new resource esx_jailer in /home/ogp_agent/OGP_User_Files/V2/resources//[ESX]/[PRISON]/esx_jailer
Found new resource esx_jb_realtimejailer in /home/ogp_agent/OGP_User_Files/V2/resources//[ESX]/[PRISON]/esx_jb_realtimejailer
Found new resource simpletp in /home/ogp_agent/OGP_User_Files/V2/resources//[ESX]/[TELEPORT]/simpletp
Found new resource esx_teleports in /home/ogp_agent/OGP_User_Files/V2/resources//[ESX]/[TELEPORT]/esx_teleports
Found new resource VK_interiors in /home/ogp_agent/OGP_User_Files/V2/resources//[ESX]/[TELEPORT]/VK_interiors
Found new resource VK_main in /home/ogp_agent/OGP_User_Files/V2/resources//[ESX]/[TELEPORT]/VK_main
Found new resource PiggyBack in /home/ogp_agent/OGP_User_Files/V2/resources//[ESX]/[ANIMATIONS]/PiggyBack
Found new resource qalle-wheelchair in /home/ogp_agent/OGP_User_Files/V2/resources//[ESX]/[ANIMATIONS]/qalle-wheelchair
Found new resource esx_lapdance in /home/ogp_agent/OGP_User_Files/V2/resources//[ESX]/[ANIMATIONS]/esx_lapdance
Found new resource esx_unishow in /home/ogp_agent/OGP_User_Files/V2/resources//[ESX]/[ANIMATIONS]/esx_unishow
Found new resource esx_ktackle in /home/ogp_agent/OGP_User_Files/V2/resources//[ESX]/[ANIMATIONS]/esx_ktackle
Found new resource esx_sit in /home/ogp_agent/OGP_User_Files/V2/resources//[ESX]/[ANIMATIONS]/esx_sit
Found new resource esx_animations in /home/ogp_agent/OGP_User_Files/V2/resources//[ESX]/[ANIMATIONS]/esx_animations
Found new resource Radiant_Animations in /home/ogp_agent/OGP_User_Files/V2/resources//[ESX]/[ANIMATIONS]/Radiant_Animations
Found new resource esx_headbag in /home/ogp_agent/OGP_User_Files/V2/resources//[ESX]/[ANIMATIONS]/esx_headbag
Found new resource bouclier in /home/ogp_agent/OGP_User_Files/V2/resources//[ESX]/[ANIMATIONS]/bouclier
Found new resource esx_barbershop in /home/ogp_agent/OGP_User_Files/V2/resources//[ESX]/[SHOP]/esx_barbershop
Found new resource esx_coffeemachine in /home/ogp_agent/OGP_User_Files/V2/resources//[ESX]/[SHOP]/esx_coffeemachine
Found new resource esx_extraitems in /home/ogp_agent/OGP_User_Files/V2/resources//[ESX]/[SHOP]/esx_extraitems
Found new resource esx_supermarket in /home/ogp_agent/OGP_User_Files/V2/resources//[ESX]/[SHOP]/esx_supermarket
Found new resource esx_plasticsurgery in /home/ogp_agent/OGP_User_Files/V2/resources//[ESX]/[SHOP]/esx_plasticsurgery
Found new resource esx_tattoosShops in /home/ogp_agent/OGP_User_Files/V2/resources//[ESX]/[SHOP]/esx_tattoosShops
Found new resource esx_pharmacy in /home/ogp_agent/OGP_User_Files/V2/resources//[ESX]/[SHOP]/esx_pharmacy
Found new resource esx_eden_clotheshop in /home/ogp_agent/OGP_User_Files/V2/resources//[ESX]/[SHOP]/esx_eden_clotheshop
Found new resource esx_narshop in /home/ogp_agent/OGP_User_Files/V2/resources//[ESX]/[SHOP]/esx_narshop
Found new resource esx_mask in /home/ogp_agent/OGP_User_Files/V2/resources//[ESX]/[SHOP]/esx_mask
Found new resource esx_dockshop in /home/ogp_agent/OGP_User_Files/V2/resources//[ESX]/[SHOP]/esx_dockshop
Found new resource Weaponry in /home/ogp_agent/OGP_User_Files/V2/resources//[ESX]/[PLUGINS]/Weaponry
Found new resource PTTPoliceRadio in /home/ogp_agent/OGP_User_Files/V2/resources//[ESX]/[PLUGINS]/PTTPoliceRadio
Found new resource AddOnPedSpawnMenu in /home/ogp_agent/OGP_User_Files/V2/resources//[ESX]/[PLUGINS]/AddOnPedSpawnMenu
Found new resource pNotify in /home/ogp_agent/OGP_User_Files/V2/resources//[ESX]/[PLUGINS]/pNotify
Found new resource deadscreen in /home/ogp_agent/OGP_User_Files/V2/resources//[ESX]/[PLUGINS]/deadscreen
Found new resource fixtraffic in /home/ogp_agent/OGP_User_Files/V2/resources//[ESX]/[PLUGINS]/fixtraffic
Found new resource new_banking in /home/ogp_agent/OGP_User_Files/V2/resources//[ESX]/[PLUGINS]/new_banking
Found new resource copnotify in /home/ogp_agent/OGP_User_Files/V2/resources//[ESX]/[PLUGINS]/copnotify
Found new resource tab in /home/ogp_agent/OGP_User_Files/V2/resources//[ESX]/[PLUGINS]/tab
Found new resource bob74_ipl2 in /home/ogp_agent/OGP_User_Files/V2/resources//[ESX]/[PLUGINS]/bob74_ipl2
Found new resource InteractSound in /home/ogp_agent/OGP_User_Files/V2/resources//[ESX]/[PLUGINS]/InteractSound
Found new resource afkkick in /home/ogp_agent/OGP_User_Files/V2/resources//[ESX]/[PLUGINS]/afkkick
Found new resource DiscordBot in /home/ogp_agent/OGP_User_Files/V2/resources//[ESX]/[PLUGINS]/DiscordBot
Found new resource radar in /home/ogp_agent/OGP_User_Files/V2/resources//[ESX]/[PLUGINS]/radar
Found new resource esx_service in /home/ogp_agent/OGP_User_Files/V2/resources//[ESX]/[PLUGINS]/esx_service
Found new resource pausemenu in /home/ogp_agent/OGP_User_Files/V2/resources//[ESX]/[PLUGINS]/pausemenu
Found new resource esx_news in /home/ogp_agent/OGP_User_Files/V2/resources//[ESX]/[PLUGINS]/esx_news
Found new resource radio in /home/ogp_agent/OGP_User_Files/V2/resources//[ESX]/[PLUGINS]/radio
Found new resource instancedfix in /home/ogp_agent/OGP_User_Files/V2/resources//[ESX]/[PLUGINS]/instancedfix
Found new resource vdk_call in /home/ogp_agent/OGP_User_Files/V2/resources//[ESX]/[PLUGINS]/vdk_call
Found new resource watermark in /home/ogp_agent/OGP_User_Files/V2/resources//[ESX]/[PLUGINS]/watermark
Found new resource mhacking in /home/ogp_agent/OGP_User_Files/V2/resources//[ESX]/[PLUGINS]/mhacking
Found new resource esx_spectate in /home/ogp_agent/OGP_User_Files/V2/resources//[ESX]/[PLUGINS]/esx_spectate
Found new resource timertazer in /home/ogp_agent/OGP_User_Files/V2/resources//[ESX]/[PLUGINS]/timertazer
Found new resource idadmin in /home/ogp_agent/OGP_User_Files/V2/resources//[ESX]/[PLUGINS]/idadmin
Found new resource esx_checkdeathcause in /home/ogp_agent/OGP_User_Files/V2/resources//[ESX]/[PLUGINS]/esx_checkdeathcause
Found new resource ft_libs in /home/ogp_agent/OGP_User_Files/V2/resources//[ESX]/[PLUGINS]/ft_libs
Found new resource esx_knatusrobberybank in /home/ogp_agent/OGP_User_Files/V2/resources//[ESX]/[PLUGINS]/esx_knatusrobberybank
Found new resource esx_celldoors in /home/ogp_agent/OGP_User_Files/V2/resources//[ESX]/[PLUGINS]/esx_celldoors
Found new resource lesslethal_shotgun in /home/ogp_agent/OGP_User_Files/V2/resources//[ESX]/[PLUGINS]/lesslethal_shotgun
Found new resource esx_license in /home/ogp_agent/OGP_User_Files/V2/resources//[ESX]/[PLUGINS]/esx_license
Found new resource msq-directions-hud in /home/ogp_agent/OGP_User_Files/V2/resources//[ESX]/[PLUGINS]/msq-directions-hud
Found new resource Radargun in /home/ogp_agent/OGP_User_Files/V2/resources//[ESX]/[PLUGINS]/Radargun
Found new resource z-loadscreen in /home/ogp_agent/OGP_User_Files/V2/resources//[ESX]/[PLUGINS]/z-loadscreen
Found new resource esx_doorlock in /home/ogp_agent/OGP_User_Files/V2/resources//[ESX]/[PLUGINS]/esx_doorlock
Found new resource damageragdollv2 in /home/ogp_agent/OGP_User_Files/V2/resources//[ESX]/[PLUGINS]/damageragdollv2
Found new resource 3dme in /home/ogp_agent/OGP_User_Files/V2/resources//[ESX]/[PLUGINS]/3dme
Found new resource jsfour-idcard in /home/ogp_agent/OGP_User_Files/V2/resources//[ESX]/[PLUGINS]/jsfour-idcard
Found new resource taxiadvert in /home/ogp_agent/OGP_User_Files/V2/resources//[ESX]/[PLUGINS]/taxiadvert
Found new resource vdk_call.bak.New in /home/ogp_agent/OGP_User_Files/V2/resources//[ESX]/[PLUGINS]/vdk_call.bak.New
Found new resource instancefox in /home/ogp_agent/OGP_User_Files/V2/resources//[ESX]/[PLUGINS]/instancefox
Found new resource discordserveurname in /home/ogp_agent/OGP_User_Files/V2/resources//[ESX]/[PLUGINS]/discordserveurname
Found new resource blips in /home/ogp_agent/OGP_User_Files/V2/resources//[ESX]/[PLUGINS]/blips
Found new resource vdk_call.bzky in /home/ogp_agent/OGP_User_Files/V2/resources//[ESX]/[PLUGINS]/vdk_call.bzky
Found new resource esx_barbie_lyftupp in /home/ogp_agent/OGP_User_Files/V2/resources//[ESX]/[PLUGINS]/esx_barbie_lyftupp
Found new resource XNLRideAnimals in /home/ogp_agent/OGP_User_Files/V2/resources//[ESX]/[PLUGINS]/XNLRideAnimals
Found new resource esx_securitycam in /home/ogp_agent/OGP_User_Files/V2/resources//[ESX]/[PLUGINS]/esx_securitycam
Found new resource nonpcdrop in /home/ogp_agent/OGP_User_Files/V2/resources//[ESX]/[PLUGINS]/nonpcdrop
Found new resource esx_gunrange in /home/ogp_agent/OGP_User_Files/V2/resources//[ESX]/[PLUGINS]/esx_gunrange
Found new resource warmenu in /home/ogp_agent/OGP_User_Files/V2/resources//[ESX]/[PLUGINS]/warmenu
Found new resource esx_realweapons in /home/ogp_agent/OGP_User_Files/V2/resources//[ESX]/[PLUGINS]/esx_realweapons
Found new resource vdk_call.bak2 in /home/ogp_agent/OGP_User_Files/V2/resources//[ESX]/[PLUGINS]/vdk_call.bak2
Found new resource clothesmerfik in /home/ogp_agent/OGP_User_Files/V2/resources//[ESX]/[PLUGINS]/clothesmerfik
Found new resource instance in /home/ogp_agent/OGP_User_Files/V2/resources//[ESX]/[PLUGINS]/instance
Found new resource stamina in /home/ogp_agent/OGP_User_Files/V2/resources//[ESX]/[PLUGINS]/stamina
Found new resource esx_datastore in /home/ogp_agent/OGP_User_Files/V2/resources//[ESX]/[PLUGINS]/esx_datastore
Found new resource esx-qalle-sellvehicles in /home/ogp_agent/OGP_User_Files/V2/resources//[ESX]/[PLUGINS]/esx-qalle-sellvehicles
Found new resource policelight in /home/ogp_agent/OGP_User_Files/V2/resources//[ESX]/[PLUGINS]/policelight
Found new resource esx_getpedmodel in /home/ogp_agent/OGP_User_Files/V2/resources//[ESX]/[PLUGINS]/esx_getpedmodel
Found new resource esx_blowtorch in /home/ogp_agent/OGP_User_Files/V2/resources//[ESX]/[PLUGINS]/esx_blowtorch
Found new resource esx_jb_outlawalert in /home/ogp_agent/OGP_User_Files/V2/resources//[ESX]/[PLUGINS]/esx_jb_outlawalert
Found new resource esx_discord_bot in /home/ogp_agent/OGP_User_Files/V2/resources//[ESX]/[PLUGINS]/esx_discord_bot
Found new resource esx_rpchat2 in /home/ogp_agent/OGP_User_Files/V2/resources//[ESX]/[PLUGINS]/esx_rpchat2
Found new resource esx_optionalneeds in /home/ogp_agent/OGP_User_Files/V2/resources//[ESX]/[PLUGINS]/esx_optionalneeds
Found new resource StopDespawn in /home/ogp_agent/OGP_User_Files/V2/resources//[ESX]/[PLUGINS]/StopDespawn
Found new resource WeaponDrop in /home/ogp_agent/OGP_User_Files/V2/resources//[ESX]/[PLUGINS]/WeaponDrop
Found new resource Serenityloading in /home/ogp_agent/OGP_User_Files/V2/resources//[ESX]/[PLUGINS]/Serenityloading
Found new resource WeazelNewsCam in /home/ogp_agent/OGP_User_Files/V2/resources//[ESX]/[PLUGINS]/WeazelNewsCam
Found new resource vehicle-control in /home/ogp_agent/OGP_User_Files/V2/resources//[ESX]/[VEHICULE]/vehicle-control
Found new resource esx_jb_eden_garage2 in /home/ogp_agent/OGP_User_Files/V2/resources//[ESX]/[VEHICULE]/esx_jb_eden_garage2
Found new resource esx_ceinture in /home/ogp_agent/OGP_User_Files/V2/resources//[ESX]/[VEHICULE]/esx_ceinture
Found new resource speedometer in /home/ogp_agent/OGP_User_Files/V2/resources//[ESX]/[VEHICULE]/speedometer
Found new resource RealisticVehicleFailure in /home/ogp_agent/OGP_User_Files/V2/resources//[ESX]/[VEHICULE]/RealisticVehicleFailure
Found new resource esx_location in /home/ogp_agent/OGP_User_Files/V2/resources//[ESX]/[VEHICULE]/esx_location
Found new resource esx_dmvschool in /home/ogp_agent/OGP_User_Files/V2/resources//[ESX]/[VEHICULE]/esx_dmvschool
Found new resource ELS-FiveM in /home/ogp_agent/OGP_User_Files/V2/resources//[ESX]/[VEHICULE]/ELS-FiveM
Found new resource esx_drp_garage in /home/ogp_agent/OGP_User_Files/V2/resources//[ESX]/[VEHICULE]/esx_drp_garage
Found new resource SeatbeltIndicator in /home/ogp_agent/OGP_User_Files/V2/resources//[ESX]/[VEHICULE]/SeatbeltIndicator
Found new resource esx_advancedgarage in /home/ogp_agent/OGP_User_Files/V2/resources//[ESX]/[VEHICULE]/esx_advancedgarage
Found new resource esx_jb_migrate in /home/ogp_agent/OGP_User_Files/V2/resources//[ESX]/[VEHICULE]/esx_jb_migrate
Found new resource vehicle-push in /home/ogp_agent/OGP_User_Files/V2/resources//[ESX]/[VEHICULE]/vehicle-push
Found new resource ESX_GiveCarKeys-1.0 in /home/ogp_agent/OGP_User_Files/V2/resources//[ESX]/[VEHICULE]/ESX_GiveCarKeys-1.0
Found new resource esx_jb_eden_garage in /home/ogp_agent/OGP_User_Files/V2/resources//[ESX]/[VEHICULE]/esx_jb_eden_garage
Found new resource rdrp_rccars in /home/ogp_agent/OGP_User_Files/V2/resources//[ESX]/[VEHICULE]/rdrp_rccars
Found new resource essence in /home/ogp_agent/OGP_User_Files/V2/resources//[ESX]/[VEHICULE]/essence
Found new resource sirencontrols in /home/ogp_agent/OGP_User_Files/V2/resources//[ESX]/[VEHICULE]/sirencontrols
Found new resource Lenzh_chopshop in /home/ogp_agent/OGP_User_Files/V2/resources//[ESX]/[VEHICULE]/Lenzh_chopshop
Found new resource cv_control in /home/ogp_agent/OGP_User_Files/V2/resources//[ESX]/[VEHICULE]/cv_control
Found new resource heli in /home/ogp_agent/OGP_User_Files/V2/resources//[ESX]/[VEHICULE]/heli
Found new resource policevehiclesweapondeleter in /home/ogp_agent/OGP_User_Files/V2/resources//[ESX]/[VEHICULE]/policevehiclesweapondeleter
Found new resource esx_lscustom in /home/ogp_agent/OGP_User_Files/V2/resources//[ESX]/[METIERS]/esx_lscustom
Found new resource Police-Backup in /home/ogp_agent/OGP_User_Files/V2/resources//[ESX]/[METIERS]/Police-Backup
Found new resource esx_mamasjob in /home/ogp_agent/OGP_User_Files/V2/resources//[ESX]/[METIERS]/esx_mamasjob
Found new resource esx_vehicleshop in /home/ogp_agent/OGP_User_Files/V2/resources//[ESX]/[METIERS]/esx_vehicleshop
Found new resource esx_tabacjob in /home/ogp_agent/OGP_User_Files/V2/resources//[ESX]/[METIERS]/esx_tabacjob
Found new resource esx_unicornjob in /home/ogp_agent/OGP_User_Files/V2/resources//[ESX]/[METIERS]/esx_unicornjob
Found new resource esx_pecheurjob in /home/ogp_agent/OGP_User_Files/V2/resources//[ESX]/[METIERS]/esx_pecheurjob
Found new resource esx_realestateagentjob in /home/ogp_agent/OGP_User_Files/V2/resources//[ESX]/[METIERS]/esx_realestateagentjob
Found new resource esx_jobs in /home/ogp_agent/OGP_User_Files/V2/resources//[ESX]/[METIERS]/esx_jobs
Found new resource esx_journaliste in /home/ogp_agent/OGP_User_Files/V2/resources//[ESX]/[METIERS]/esx_journaliste
Found new resource esx_mrw_annonces in /home/ogp_agent/OGP_User_Files/V2/resources//[ESX]/[METIERS]/esx_mrw_annonces
Found new resource esx_ambulancejob2 in /home/ogp_agent/OGP_User_Files/V2/resources//[ESX]/[METIERS]/esx_ambulancejob2
Found new resource esx_mechanicjob in /home/ogp_agent/OGP_User_Files/V2/resources//[ESX]/[METIERS]/esx_mechanicjob
Found new resource esx_property in /home/ogp_agent/OGP_User_Files/V2/resources//[ESX]/[METIERS]/esx_property
Found new resource jk_jobs in /home/ogp_agent/OGP_User_Files/V2/resources//[ESX]/[METIERS]/jk_jobs
Found new resource esx_vigneronjob in /home/ogp_agent/OGP_User_Files/V2/resources//[ESX]/[METIERS]/esx_vigneronjob
Found new resource esx_nightclub in /home/ogp_agent/OGP_User_Files/V2/resources//[ESX]/[METIERS]/esx_nightclub
Found new resource esx_brinks in /home/ogp_agent/OGP_User_Files/V2/resources//[ESX]/[METIERS]/esx_brinks
Found new resource esx_ammunation in /home/ogp_agent/OGP_User_Files/V2/resources//[ESX]/[METIERS]/esx_ammunation
Found new resource esx_poolcleaner in /home/ogp_agent/OGP_User_Files/V2/resources//[ESX]/[METIERS]/esx_poolcleaner
Found new resource esx_state in /home/ogp_agent/OGP_User_Files/V2/resources//[ESX]/[METIERS]/esx_state
Found new resource esx_truckerjob in /home/ogp_agent/OGP_User_Files/V2/resources//[ESX]/[METIERS]/esx_truckerjob
Found new resource esx_duty in /home/ogp_agent/OGP_User_Files/V2/resources//[ESX]/[METIERS]/esx_duty
Found new resource esx_policejobtest in /home/ogp_agent/OGP_User_Files/V2/resources//[ESX]/[METIERS]/esx_policejobtest
Found new resource esx_joblisting in /home/ogp_agent/OGP_User_Files/V2/resources//[ESX]/[METIERS]/esx_joblisting
Found new resource esx_taxijob in /home/ogp_agent/OGP_User_Files/V2/resources//[ESX]/[METIERS]/esx_taxijob
Found new resource esx_jobCounter in /home/ogp_agent/OGP_User_Files/V2/resources//[ESX]/[METIERS]/esx_jobCounter
Found new resource esx_policejob in /home/ogp_agent/OGP_User_Files/V2/resources//[ESX]/[METIERS]/esx_policejob
Found new resource fulltenues in /home/ogp_agent/OGP_User_Files/V2/resources//[ESX]/[Vetements]/fulltenues
Found new resource g_m_y_salvagoon_01 in /home/ogp_agent/OGP_User_Files/V2/resources//[ESX]/[Vetements]/g_m_y_salvagoon_01
Found new resource EUP in /home/ogp_agent/OGP_User_Files/V2/resources//[ESX]/[Vetements]/EUP
Resource loading for EUP failed:
Could not open resource metadata file /home/ogp_agent/OGP_User_Files/V2/resources//[ESX]/[Vetements]/EUP/__resource.lua.
Found new resource esx-kr-bag-inventory in /home/ogp_agent/OGP_User_Files/V2/resources//[ESX]/[ITEMS]/esx-kr-bag-inventory
Found new resource esx_binoculars in /home/ogp_agent/OGP_User_Files/V2/resources//[ESX]/[ITEMS]/esx_binoculars
Found new resource esx_addons_gcphone in /home/ogp_agent/OGP_User_Files/V2/resources//[ESX]/[ITEMS]/esx_addons_gcphone
Found new resource customdildo in /home/ogp_agent/OGP_User_Files/V2/resources//[ESX]/[ITEMS]/customdildo
Found new resource esx_gps in /home/ogp_agent/OGP_User_Files/V2/resources//[ESX]/[ITEMS]/esx_gps
Found new resource gcphone.bak in /home/ogp_agent/OGP_User_Files/V2/resources//[ESX]/[ITEMS]/gcphone.bak
Found new resource gcphone.new in /home/ogp_agent/OGP_User_Files/V2/resources//[ESX]/[ITEMS]/gcphone.new
Found new resource gcphone.null in /home/ogp_agent/OGP_User_Files/V2/resources//[ESX]/[ITEMS]/gcphone.null
Found new resource gcphone in /home/ogp_agent/OGP_User_Files/V2/resources//[ESX]/[ITEMS]/gcphone
Found new resource gcphone.bak2 in /home/ogp_agent/OGP_User_Files/V2/resources//[ESX]/[ITEMS]/gcphone.bak2
Found new resource esx_walkman in /home/ogp_agent/OGP_User_Files/V2/resources//[ESX]/[ITEMS]/esx_walkman
Found new resource esx_radio in /home/ogp_agent/OGP_User_Files/V2/resources//[ESX]/[ITEMS]/esx_radio
Found new resource eden_drugs in /home/ogp_agent/OGP_User_Files/V2/resources//[ESX]/[ILLEGAL]/eden_drugs
Found new resource esx_drugs in /home/ogp_agent/OGP_User_Files/V2/resources//[ESX]/[ILLEGAL]/esx_drugs
Found new resource esx_drugeffects in /home/ogp_agent/OGP_User_Files/V2/resources//[ESX]/[ILLEGAL]/esx_drugeffects
Found new resource esx_holdup in /home/ogp_agent/OGP_User_Files/V2/resources//[ESX]/[ILLEGAL]/esx_holdup
Found new resource venteillegal in /home/ogp_agent/OGP_User_Files/V2/resources//[ESX]/[ILLEGAL]/venteillegal
Found new resource stasiek_selldrugs in /home/ogp_agent/OGP_User_Files/V2/resources//[ESX]/[ILLEGAL]/stasiek_selldrugs
Found new resource esx_holdubijou in /home/ogp_agent/OGP_User_Files/V2/resources//[ESX]/[ILLEGAL]/esx_holdubijou
Found new resource esx_blanchisseur in /home/ogp_agent/OGP_User_Files/V2/resources//[ESX]/[ILLEGAL]/esx_blanchisseur
Found new resource esx_armour in /home/ogp_agent/OGP_User_Files/V2/resources//[ESX]/[ILLEGAL]/esx_armour
Found new resource esx_holdupbank in /home/ogp_agent/OGP_User_Files/V2/resources//[ESX]/[ILLEGAL]/esx_holdupbank
Found new resource esx_krokodil in /home/ogp_agent/OGP_User_Files/V2/resources//[ESX]/[ILLEGAL]/esx_krokodil
Found new resource esx_slotmachine in /home/ogp_agent/OGP_User_Files/V2/resources//[ESX]/[ACTIVITEE]/esx_slotmachine
Found new resource esx_AdvancedFishing in /home/ogp_agent/OGP_User_Files/V2/resources//[ESX]/[ACTIVITEE]/esx_AdvancedFishing
Found new resource roulette_1 in /home/ogp_agent/OGP_User_Files/V2/resources//[ESX]/[ACTIVITEE]/roulette_1
Found new resource esx_animals in /home/ogp_agent/OGP_User_Files/V2/resources//[ESX]/[ACTIVITEE]/esx_animals
Found new resource chasse in /home/ogp_agent/OGP_User_Files/V2/resources//[ESX]/[ACTIVITEE]/chasse
Found new resource pizza in /home/ogp_agent/OGP_User_Files/V2/resources//[ESX]/[ACTIVITEE]/pizza
Found new resource esx_plongee in /home/ogp_agent/OGP_User_Files/V2/resources//[ESX]/[ACTIVITEE]/esx_plongee
Found new resource esx_mafia in /home/ogp_agent/OGP_User_Files/V2/resources//[ESX]/[ORG]/esx_mafia
Found new resource esx_organisation in /home/ogp_agent/OGP_User_Files/V2/resources//[ESX]/[ORG]/esx_organisation
Found new resource esx_carteljob in /home/ogp_agent/OGP_User_Files/V2/resources//[ESX]/[ORG]/esx_carteljob
Found new resource esx_organisation.bak in /home/ogp_agent/OGP_User_Files/V2/resources//[ESX]/[ORG]/esx_organisation.bak
Found new resource esx_gangjob in /home/ogp_agent/OGP_User_Files/V2/resources//[ESX]/[ORG]/esx_gangjob
Found new resource esx_bikerjob in /home/ogp_agent/OGP_User_Files/V2/resources//[ESX]/[ORG]/esx_bikerjob
Found new resource esx_gunrange3 in /home/ogp_agent/OGP_User_Files/V2/resources//[MAP]/[PoliceTraining]/esx_gunrange3
Found new resource LEO in /home/ogp_agent/OGP_User_Files/V2/resources//[MAP]/[PoliceTraining]/LEO
Found new resource esx_gunrange2 in /home/ogp_agent/OGP_User_Files/V2/resources//[MAP]/[PoliceTraining]/esx_gunrange2
Creating script environments for sessionmanager
Started resource sessionmanager
Creating script environments for mapmanager
Started resource mapmanager
Creating script environments for chat
Started resource chat
Started resource spawnmanager
Stopping resource sessionmanager
Creating script environments for sessionmanager
Started resource sessionmanager
Started gametype Freeroam
Started resource fivem
Creating script environments for hardcap
Started resource hardcap
Creating script environments for rconlog
Started resource rconlog
Creating script environments for mysql-async
Started resource mysql-async
Creating script environments for async
Started resource async
Creating script environments for DiscordBot
Started resource DiscordBot
Creating script environments for idadmin
Started resource idadmin
Creating script environments for essentialmode
Loaded SQLite.net, Version=1.0.0.0, Culture=neutral, PublicKeyToken=null into ScriptDomain_362400543
Instantiated instance of script SQLite.Main.
Started resource essentialmode
Creating script environments for esplugin_mysql
Started resource esplugin_mysql
Creating script environments for es_admin2
Started resource es_admin2
Creating script environments for baseevents
Started resource baseevents
Creating script environments for es_extended
Started resource es_extended
Creating script environments for gcphone
Started resource gcphone
Creating script environments for esx_addons_gcphone
Started resource esx_addons_gcphone
Started resource NativeUI
Creating script environments for esx_whitelist
Started resource esx_whitelist
Started resource PvP
Creating script environments for fivemqueue
Loaded Server_Queue.net, Version=1.0.0.0, Culture=neutral, PublicKeyToken=null into ScriptDomain_1918439689
Argument count mismatch (passed 3, wanted 2)
Stopping resource hardcap
Instantiated instance of script Server.Server_Queue.
Instantiated instance of script Server.Server_Priority.
Instantiated instance of script Server.Server_Reserved.
Instantiated instance of script Server.Server_Banned.
Started resource fivemqueue
Started resource loadipl
Started resource ipl
Started resource bob74_ipl
Started resource fivem-ipl
Started resource c_policestation_needs
Started resource mapping
Started resource panneaux
Started resource policemap
Started resource propy
Started resource church
Started resource trevorr
Started resource hospital
Started resource lifebook
Started resource ballas
Started resource villa
Started resource LEO
Started resource fmansion
[93mCouldn't find resource biker.[0m
[93mCouldn't find resource Bikers.[0m
Started resource databas-park
Started resource sexshop
Started resource beach
Started resource studio
Started resource villa2
Started resource modernranch
[93mCouldn't find resource hotel.[0m
[93mCouldn't find resource seahouse.[0m
Started resource club
Started resource customdildo
Started resource allcity_medical
Started resource nw_bahamaMama
Started resource bureaumecha
Started resource skate3
Creating script environments for instance
Started resource instance
Creating script environments for instancefox
Started resource instancefox
[93mCouldn't find resource instancefix.[0m
Creating script environments for cron
Started resource cron
Started resource skinchanger
Creating script environments for esx_skin
Started resource esx_skin
Started resource esx_menu_default
Started resource esx_menu_list
Started resource esx_menu_dialog
Creating script environments for vdk_call
Started resource vdk_call
Creating script environments for esx_addonaccount
Started resource esx_addonaccount
Creating script environments for esx_addoninventory
Started resource esx_addoninventory
Creating script environments for esx_datastore
Started resource esx_datastore
Creating script environments for esx_society
Started resource esx_society
Creating script environments for esx_service
Started resource esx_service
Creating script environments for esx_billing
Started resource esx_billing
Creating script environments for esx_license
Started resource esx_license
Creating script environments for esx_identity
Started resource esx_identity
Creating script environments for esx_status
Started resource esx_status
Creating script environments for esx_basicneeds
Started resource esx_basicneeds
Creating script environments for esx_inventoryhud
Started resource esx_inventoryhud
Creating script environments for vMenu
Loaded vMenuServer.net, Version=3.0.0.0, Culture=neutral, PublicKeyToken=null into ScriptDomain_31495143
Instantiated instance of script GHMatti.Http.RequestInternal.
Instantiated instance of script GHMatti.Http.Request.
Instantiated instance of script vMenuServer.BanManager.
[93m[vMenu] [WARNING] vMenu is set up to ignore permissions!
If you did this on purpose then you can ignore this warning.
If you did not set this on purpose, then you must have made a mistake while setting up vMenu.
Please read the vMenu documentation ([36mhttps://docs.vespura.com/vmenu[93m).
Most likely you are not executing the permissions.cfg (correctly).[0m
Instantiated instance of script vMenuServer.MainServer.
Instantiated instance of script vMenuServer.UpdateChecker.
Started resource vMenu
Creating script environments for 3dme
Started resource 3dme
Creating script environments for esx_jobCounter
Started resource esx_jobCounter
Creating script environments for nb_menuperso
Started resource nb_menuperso
Started resource radialvehicule
Started resource radialmenu
Creating script environments for esx_accessories
Started resource esx_accessories
Creating script environments for esx_discord_bot
Started resource esx_discord_bot
Creating script environments for esx_news
Started resource esx_news
Creating script environments for esx_optionalneeds
Started resource esx_optionalneeds
[93mCouldn't find resource jsfour-criminalrecord.[0m
Started resource watermark
Creating script environments for vBasic
Started resource vBasic
Started resource warmenu
Started resource tab
Creating script environments for esx_jailer
Started resource esx_jailer
Creating script environments for esx_jb_realtimejailer
Started resource esx_jb_realtimejailer
Creating script environments for esx-qalle-jail
Started resource esx-qalle-jail
Creating script environments for ft_libs
Started resource ft_libs
Creating script environments for esx_jb_eden_garage2
Started resource esx_jb_eden_garage2
Creating script environments for essence
Started resource essence
Creating script environments for vehicle-control
Started resource vehicle-control
Creating script environments for esx_inventoryhud_trunk
Started resource esx_inventoryhud_trunk
Creating script environments for ESX_GiveCarKeys-1.0
Started resource ESX_GiveCarKeys-1.0
Creating script environments for RealisticVehicleFailure
Started resource RealisticVehicleFailure
Started resource SeatbeltIndicator
Started resource vehicle-push
Started resource sirencontrols
Started resource esx_ceinture
Started resource clothesmerfik
Started resource speedometer
Creating script environments for esx_dmvschool
Started resource esx_dmvschool
Creating script environments for ELS-FiveM
Started resource ELS-FiveM
Creating script environments for policevehiclesweapondeleter
Started resource policevehiclesweapondeleter
Creating script environments for esx-qalle-sellvehicles
Started resource esx-qalle-sellvehicles
Creating script environments for policelight
Started resource policelight
Creating script environments for StopDespawn
Started resource StopDespawn
Creating script environments for heli
Started resource heli
Started resource rdrp_rccars
Started resource cv_control
Creating script environments for esx_location
Started resource esx_location
Creating script environments for new_banking
Started resource new_banking
Started resource stamina
Started resource esx_teleports
Started resource simpletp
Started resource VK_interiors
Creating script environments for VK_main
Started resource VK_main
Creating script environments for esx_celldoors
Started resource esx_celldoors
Creating script environments for esx_doorlock
Started resource esx_doorlock
Started resource mhacking
Creating script environments for esx_blowtorch
Started resource esx_blowtorch
Started resource blips
Started resource pNotify
Started resource nonpcdrop
Started resource progressBars
Started resource deadscreen
Creating script environments for esx_securitycam
Started resource esx_securitycam
Creating script environments for esx_spectate
Started resource esx_spectate
Creating script environments for esx_rpchat2
Started resource esx_rpchat2
Started resource knockout
Started resource fixtraffic
Started resource msq-directions-hud
Started resource AddOnPedSpawnMenu
Creating script environments for esx_getpedmodel
Started resource esx_getpedmodel
Creating script environments for jsfour-idcard
Started resource jsfour-idcard
Started resource z-loadscreen
Creating script environments for afkkick
Started resource afkkick
Started resource discordserveurname
Started resource voicechat
Started resource WeaponDrop
Started resource timertazer
Creating script environments for WeazelNewsCam
Started resource WeazelNewsCam
Started resource pausemenu
Creating script environments for InteractSound
Started resource InteractSound
Started resource radio
[93mCouldn't find resource esx_outlawalert.[0m
Creating script environments for esx_gunrange
Started resource esx_gunrange
Creating script environments for esx_gunrange2
Started resource esx_gunrange2
Creating script environments for esx_gunrange3
Started resource esx_gunrange3
Creating script environments for esx_barbie_lyftupp
Started resource esx_barbie_lyftupp
Started resource radar
Started resource Weaponry
Creating script environments for taxiadvert
Started resource taxiadvert
Started resource esx_checkdeathcause
Started resource damageragdollv2
Creating script environments for esx_eden_clotheshop
Started resource esx_eden_clotheshop
Creating script environments for esx_barbershop
Started resource esx_barbershop
Creating script environments for esx_mask
Started resource esx_mask
Creating script environments for esx_supermarket
Started resource esx_supermarket
Creating script environments for esx_coffeemachine
Started resource esx_coffeemachine
Creating script environments for esx_dockshop
==== Enregistrement du telephone dock => Client concession
Started resource esx_dockshop
Creating script environments for esx_narshop
Started resource esx_narshop
Creating script environments for esx_pharmacy
Started resource esx_pharmacy
Creating script environments for esx_tattoosShops
Started resource esx_tattoosShops
Creating script environments for esx_jobs
Started resource esx_jobs
Creating script environments for jk_jobs
Started resource jk_jobs
Creating script environments for esx_mechanicjob
==== Enregistrement du telephone mechanic => Client mecano
Started resource esx_mechanicjob
Creating script environments for esx_vehicleshop
==== Enregistrement du telephone cardealer => Client concession
Started resource esx_vehicleshop
Creating script environments for esx_lscustom
Started resource esx_lscustom
Creating script environments for esx_ambulancejob2
==== Enregistrement du telephone ambulance => Alerte Ambulance
Started resource esx_ambulancejob2
Creating script environments for Police-Backup
Started resource Police-Backup
Creating script environments for pizza
Started resource pizza
Creating script environments for esx_property
Started resource esx_property
Creating script environments for esx_duty
Started resource esx_duty
Creating script environments for esx_policejob
==== Enregistrement du telephone police => Alerte police
Started resource esx_policejob
Creating script environments for esx_ammunation
Started resource esx_ammunation
Creating script environments for esx_brinks
==== Enregistrement du telephone brinks => Client Brinks
Started resource esx_brinks
Creating script environments for esx_journaliste
==== Enregistrement du telephone journaliste => Locale [fr] does not exist
Started resource esx_journaliste
Creating script environments for esx_nightclub
Started resource esx_nightclub
Creating script environments for esx_truckerjob
Started resource esx_truckerjob
Creating script environments for esx_vigneronjob
==== Enregistrement du telephone vigne => Client vigne
Started resource esx_vigneronjob
Creating script environments for esx_unicornjob
==== Enregistrement du telephone unicorn => Citoyen
Started resource esx_unicornjob
Creating script environments for esx_mamasjob
==== Enregistrement du telephone mamas => Citoyen
Started resource esx_mamasjob
Creating script environments for esx_pecheurjob
==== Enregistrement du telephone pecheur => Client Pécheur
Started resource esx_pecheurjob
Creating script environments for esx_poolcleaner
Started resource esx_poolcleaner
Creating script environments for esx_realestateagentjob
==== Enregistrement du telephone realestateagent => Client immo
Started resource esx_realestateagentjob
Creating script environments for esx_state
Started resource esx_state
Creating script environments for esx_tabacjob
==== Enregistrement du telephone tabac => Client Tabac
Started resource esx_tabacjob
Creating script environments for esx_taxijob
==== Enregistrement du telephone taxi => Client Taxi
Started resource esx_taxijob
Creating script environments for esx_mrw_annonces
Started resource esx_mrw_annonces
Creating script environments for esx_organisation
Started resource esx_organisation
Creating script environments for esx_gangjob
Started resource esx_gangjob
Creating script environments for esx_carteljob
Started resource esx_carteljob
Creating script environments for chasse
Started resource chasse
[93mCouldn't find resource es_AdvancedFishing.[0m
Creating script environments for esx_animals
Started resource esx_animals
Creating script environments for esx_plongee
Started resource esx_plongee
Creating script environments for esx_slotmachine
Started resource esx_slotmachine
Creating script environments for esx_unishow
Started resource esx_unishow
Creating script environments for roulette_1
Started resource roulette_1
Creating script environments for eden_drugs
Started resource eden_drugs
Creating script environments for esx_drugeffects
Started resource esx_drugeffects
Creating script environments for esx_drugs
Started resource esx_drugs
Creating script environments for esx_krokodil
Started resource esx_krokodil
Creating script environments for stasiek_selldrugs
Started resource stasiek_selldrugs
Creating script environments for esx_holdup
Started resource esx_holdup
Creating script environments for esx_knatusrobberybank
Started resource esx_knatusrobberybank
Creating script environments for esx_armour
Started resource esx_armour
[93mCouldn't find resource esx_shops3.[0m
Creating script environments for esx_blanchisseur
Started resource esx_blanchisseur
Started resource Radiant_Animations
Started resource esx_animations
Creating script environments for PiggyBack
Started resource PiggyBack
Started resource bouclier
Creating script environments for esx_ktackle
Started resource esx_ktackle
Creating script environments for esx_lapdance
Started resource esx_lapdance
Creating script environments for esx_sit
Started resource esx_sit
Started resource qalle-wheelchair
Creating script environments for esx_headbag
Started resource esx_headbag
Started resource PTTPoliceRadio
Started resource XNLRideAnimals
Started resource lesslethal_shotgun
Started resource Radargun
Started resource NoReticle
Creating script environments for esx_gps
Started resource esx_gps
Creating script environments for esx_binoculars
Started resource esx_binoculars
Creating script environments for esx_walkman
Started resource esx_walkman
Creating script environments for esx_extraitems
Started resource esx_extraitems
Creating script environments for esx-kr-bag-inventory
Started resource esx-kr-bag-inventory
Creating script environments for esx_radio
Started resource esx_radio
Started resource 911gtrs
Started resource pista
Started resource demonhawk
Started resource dodgeems
Started resource ems
Started resource emsfpiu
Started resource heliems1
Started resource fbi
Started resource Insurgent
Started resource interceptor
Started resource police2
Started resource moto
Started resource policechiron
Started resource schafter
Started resource ferrarie
Started resource gtr
Started resource replacet20
Started resource h6
Started resource baby
Started resource child2
Started resource Dante
Started resource DeadPool
Started resource minibabygroot
Started resource yoda
Started resource zeus
Started resource HarleyQuinn
Started resource ironman
Started resource mk50
Started resource panther
Started resource shrek
Started resource skeleton
Started resource fulltenues
Started resource g_m_y_salvagoon_01
Authenticating server license key...
Server license key authentication succeeded. Welcome!
cfx> Sending heartbeat to live-internal.fivem.net:30110

=================================

A new version of esx_eden_garage2 is available: 2.1.0
patchnote: 
- fix plates with trims
- cannot open menu when in vehicle


=================================

Started map fivem-map-skater
Started resource fivem-map-skater
Performing version check against: https://api.kanersps.pw/em/version?version=6.2.2&uuid=19c453e7-098b-4a6b-5098-d714faac2e2a


[vBasic] You are running the latest version of vBasic. Good job!

server thread hitch warning: timer interval of 1266 milliseconds


##############
## DiscordBot
##
## Current Version: 1.5.1
## Newest Version: 1.5.2
##
## Outdated
## Check the Topic
## For the newest Version!
##############
CHANGES: 
- Re-Done the 'ToDiscord' Event




[EssentialMode] Current version: 6.2.2
[EssentialMode] Updater version: 6.2.2

Access denied for command sets.
Access denied for command sets.
[EssentialMode] Everything is nice and updated!

[91mAdvertisement: [0mWant to have EssentialMode pre-installed on a good and affordable server host? Go to the following link: https://zap-hosting.com/EssentialMode

[36m[vMenu] Checking for updates.[0m
[36m[vMenu] For info and support: www.vespura.com. Discord: www.vespura.com/discord.[97m
[93m[vMenu] WARNING:[0m Your version of vMenu does [91mNOT [0mmatch the latest version!
[93m[vMenu] WARNING:[0m Your version: v3.0.0[0m
[93m[vMenu] WARNING:[0m Latest version: v3.0.3[0m
[93m[vMenu] WARNING:[0m Release date: 25-04-2019[0m
[93m[vMenu] WARNING:[0m Changelog summary: Fixes and new features.[0m
[93m[vMenu] WARNING:[0m Please update as soon as possible!
[93m[vMenu] WARNING:[0m Download: https://github.com/tomgrobbe/vMenu/releases/


ELS-FiveM (ELS-FiveM) is up to date!
server thread hitch warning: timer interval of 220 milliseconds
[31m[ERROR] connect ETIMEDOUT[0m
[MySQL] [esx_organisation] [70928ms] SELECT * FROM org
[31m[ERROR] [MySQL] [esx_organisation] An error happens on MySQL for query "SELECT * FROM org": connect ETIMEDOUT[0m
[MySQL] [esx_vehicleshop] [70931ms] SELECT * FROM vehicle_categories
[31m[ERROR] [MySQL] [esx_vehicleshop] An error happens on MySQL for query "SELECT * FROM vehicle_categories": Handshake inactivity timeout[0m
[MySQL] [esx_dockshop] [70933ms] SELECT * FROM dock_categories
[31m[ERROR] [MySQL] [esx_dockshop] An error happens on MySQL for query "SELECT * FROM dock_categories": Handshake inactivity timeout[0m
[MySQL] [esx_narshop] [70933ms] SELECT * FROM items
[31m[ERROR] [MySQL] [esx_narshop] An error happens on MySQL for query "SELECT * FROM items": Handshake inactivity timeout[0m
[MySQL] [esx_supermarket] [70934ms] SELECT * FROM items
[31m[ERROR] [MySQL] [esx_supermarket] An error happens on MySQL for query "SELECT * FROM items": Handshake inactivity timeout[0m
[MySQL] [esx_pharmacy] [70934ms] SELECT * FROM items
[31m[ERROR] [MySQL] [esx_pharmacy] An error happens on MySQL for query "SELECT * FROM items": Handshake inactivity timeout[0m
[MySQL] [esx_datastore] [70934ms] SELECT * FROM datastore
[31m[ERROR] [MySQL] [esx_datastore] An error happens on MySQL for query "SELECT * FROM datastore": Handshake inactivity timeout[0m
[MySQL] [esx_coffeemachine] [70934ms] SELECT * FROM items
[31m[ERROR] [MySQL] [esx_coffeemachine] An error happens on MySQL for query "SELECT * FROM items": Handshake inactivity timeout[0m
[MySQL] [esx_addonaccount] [70934ms] SELECT * FROM addon_account
[31m[ERROR] [MySQL] [esx_addonaccount] An error happens on MySQL for query "SELECT * FROM addon_account": Handshake inactivity timeout[0m
[MySQL] [es_extended] [70961ms] SELECT * FROM items
Error running call reference function for resource esx_pharmacy: citizen:/scripting/lua/scheduler.lua:405: @esx_pharmacy/server/esx_pharmacy.server.lua:13: attempt to get length of a nil value (local 'result')
stack traceback:
        @esx_pharmacy/server/esx_pharmacy.server.lua:13: in upvalue 'ref'
        citizen:/scripting/lua/scheduler.lua:391: in function <citizen:/scripting/lua/scheduler.lua:390>
        [C]: in function 'xpcall'
        citizen:/scripting/lua/scheduler.lua:390: in function <citizen:/scripting/lua/scheduler.lua:389>
stack traceback:
        [C]: in function 'error'
        citizen:/scripting/lua/scheduler.lua:405: in function <citizen:/scripting/lua/scheduler.lua:374>
[91mError: Unhandled error in timer: Error: BUFFER_SHORTAGE
Error: BUFFER_SHORTAGE
    at n.e [as reserve] (citizen:/scripting/v8/msgpack.js:29:12766)
    at h (citizen:/scripting/v8/msgpack.js:29:15761)
    at n.r [as decode] (citizen:/scripting/v8/msgpack.js:29:13908)
    at n.fetch (citizen:/scripting/v8/msgpack.js:29:6972)
    at n.u [as read] (citizen:/scripting/v8/msgpack.js:29:12076)
    at Object.n [as decode] (citizen:/scripting/v8/msgpack.js:29:7097)
    at unpack (citizen:/scripting/v8/main.js:20:33)
    at citizen:/scripting/v8/main.js:51:20
    at setImmediate (mysql-async.js:14898:7)
    at Object.callback (citizen:/scripting/v8/timer.js:96:21)[0m
Error running call reference function for resource esx_coffeemachine: citizen:/scripting/lua/scheduler.lua:405: @esx_coffeemachine/server/main.lua:13: attempt to get length of a nil value (local 'result')
stack traceback:
        @esx_coffeemachine/server/main.lua:13: in upvalue 'ref'
        citizen:/scripting/lua/scheduler.lua:391: in function <citizen:/scripting/lua/scheduler.lua:390>
        [C]: in function 'xpcall'
        citizen:/scripting/lua/scheduler.lua:390: in function <citizen:/scripting/lua/scheduler.lua:389>
stack traceback:
        [C]: in function 'error'
        citizen:/scripting/lua/scheduler.lua:405: in function <citizen:/scripting/lua/scheduler.lua:374>
[91mError: Unhandled error in timer: Error: BUFFER_SHORTAGE
Error: BUFFER_SHORTAGE
    at n.e [as reserve] (citizen:/scripting/v8/msgpack.js:29:12766)
    at h (citizen:/scripting/v8/msgpack.js:29:15761)
    at n.r [as decode] (citizen:/scripting/v8/msgpack.js:29:13908)
    at n.fetch (citizen:/scripting/v8/msgpack.js:29:6972)
    at n.u [as read] (citizen:/scripting/v8/msgpack.js:29:12076)
    at Object.n [as decode] (citizen:/scripting/v8/msgpack.js:29:7097)
    at unpack (citizen:/scripting/v8/main.js:20:33)
    at citizen:/scripting/v8/main.js:51:20
    at setImmediate (mysql-async.js:14898:7)
    at Object.callback (citizen:/scripting/v8/timer.js:96:21)[0m
[MySQL] [esx_addoninventory] [70983ms] SELECT * FROM items
[MySQL] [gcphone] [70984ms] DELETE FROM phone_messages WHERE (DATEDIFF(CURRENT_DATE,time) > 10)
[MySQL] [esx_inventoryhud_trunk] [70985ms] SELECT * FROM trunk_inventory
[MySQL] [esx_inventoryhud_trunk] [70985ms] DELETE FROM `trunk_inventory` WHERE `owned` = 0
[MySQL] [esx_property] [70295ms] SELECT * FROM properties
[MySQL] [esx_society] [70131ms] SELECT * FROM jobs
[MySQL] [esx_whitelist] [70131ms] SELECT * FROM whitelist
Error resuming coroutine: @esx_organisation/server/main.lua:31: attempt to get length of a nil value (local 'result')
stack traceback:
        @esx_organisation/server/main.lua:31: in upvalue 'handler'
        citizen:/scripting/lua/scheduler.lua:219: in function <citizen:/scripting/lua/scheduler.lua:218>
[MySQL] [esx_vehicleshop] [12ms] SELECT * FROM vehicles
Error resuming coroutine: @esx_datastore/server/main.lua:14: attempt to get length of a nil value (local 'result')
stack traceback:
        @esx_datastore/server/main.lua:14: in upvalue 'handler'
        citizen:/scripting/lua/scheduler.lua:219: in function <citizen:/scripting/lua/scheduler.lua:218>
Error resuming coroutine: @esx_addonaccount/server/main.lua:12: attempt to get length of a nil value (local 'result')
stack traceback:
        @esx_addonaccount/server/main.lua:12: in upvalue 'handler'
        citizen:/scripting/lua/scheduler.lua:219: in function <citizen:/scripting/lua/scheduler.lua:218>
[MySQL] [esx_dockshop] [64ms] SELECT * FROM dock
[MySQL] [esx_narshop] [56ms] SELECT * FROM shops2
[MySQL] [esx_society] [6ms] SELECT * FROM job_grades
[MySQL] [esx_supermarket] [62ms] SELECT * FROM shops
[MySQL] [esx_addoninventory] [8ms] SELECT * FROM addon_inventory
Error resuming coroutine: @esx_vehicleshop/server/main.lua:31: attempt to get length of a nil value (upvalue 'Categories')
stack traceback:
        @esx_vehicleshop/server/main.lua:31: in function 'LoadVehicles'
        @esx_vehicleshop/server/main.lua:19: in upvalue 'handler'
        citizen:/scripting/lua/scheduler.lua:219: in function <citizen:/scripting/lua/scheduler.lua:218>
Error resuming coroutine: @esx_society/server/main.lua:26: attempt to index a nil value (field '?')
stack traceback:
        @esx_society/server/main.lua:26: in upvalue 'callback'
        @mysql-async/lib/MySQL.lua:194: in function <@mysql-async/lib/MySQL.lua:186>
[MySQL] [esx_addoninventory] [1ms] SELECT * FROM addon_inventory_items WHERE inventory_name = 'organisation_cartel'
Error resuming coroutine: @esx_dockshop/server/main.lua:36: attempt to get length of a nil value (upvalue 'Categories')
stack traceback:
        @esx_dockshop/server/main.lua:36: in upvalue 'handler'
        citizen:/scripting/lua/scheduler.lua:219: in function <citizen:/scripting/lua/scheduler.lua:218>
Error resuming coroutine: @esx_narshop/server/main.lua:28: attempt to get length of a nil value (local 'itemResult')
stack traceback:
        @esx_narshop/server/main.lua:28: in function 'LoadShop'
        @esx_narshop/server/main.lua:10: in upvalue 'handler'
        citizen:/scripting/lua/scheduler.lua:219: in function <citizen:/scripting/lua/scheduler.lua:218>
Error resuming coroutine: @esx_supermarket/server/main.lua:28: attempt to get length of a nil value (local 'itemResult')
stack traceback:
        @esx_supermarket/server/main.lua:28: in function 'LoadShop'
        @esx_supermarket/server/main.lua:10: in upvalue 'handler'
        citizen:/scripting/lua/scheduler.lua:219: in function <citizen:/scripting/lua/scheduler.lua:218>
[MySQL] [esx_addoninventory] [1ms] SELECT * FROM addon_inventory_items WHERE inventory_name = 'property'
[MySQL] [esx_addoninventory] [1ms] SELECT * FROM addon_inventory_items WHERE inventory_name = 'society_ambulance'
[MySQL] [esx_addoninventory] [1ms] SELECT * FROM addon_inventory_items WHERE inventory_name = 'society_ammu'
[MySQL] [esx_addoninventory] [1ms] SELECT * FROM addon_inventory_items WHERE inventory_name = 'society_avocat'
[MySQL] [esx_addoninventory] [1ms] SELECT * FROM addon_inventory_items WHERE inventory_name = 'society_brinks'
[MySQL] [esx_addoninventory] [1ms] SELECT * FROM addon_inventory_items WHERE inventory_name = 'society_cardealer'
[MySQL] [esx_addoninventory] [1ms] SELECT * FROM addon_inventory_items WHERE inventory_name = 'society_dock'
[MySQL] [esx_addoninventory] [1ms] SELECT * FROM addon_inventory_items WHERE inventory_name = 'society_gang'
[MySQL] [esx_addoninventory] [1ms] SELECT * FROM addon_inventory_items WHERE inventory_name = 'society_journaliste'
[MySQL] [esx_addoninventory] [1ms] SELECT * FROM addon_inventory_items WHERE inventory_name = 'society_lawyer'
[MySQL] [esx_addoninventory] [1ms] SELECT * FROM addon_inventory_items WHERE inventory_name = 'society_mamas'
[MySQL] [esx_addoninventory] [1ms] SELECT * FROM addon_inventory_items WHERE inventory_name = 'society_mamas_fridge'
[MySQL] [esx_addoninventory] [1ms] SELECT * FROM addon_inventory_items WHERE inventory_name = 'society_mechanic'
[MySQL] [esx_addoninventory] [1ms] SELECT * FROM addon_inventory_items WHERE inventory_name = 'society_nightclub'
[MySQL] [esx_addoninventory] [1ms] SELECT * FROM addon_inventory_items WHERE inventory_name = 'society_nightclub_fridge'
[MySQL] [esx_addoninventory] [1ms] SELECT * FROM addon_inventory_items WHERE inventory_name = 'society_pecheur'
[MySQL] [esx_addoninventory] [1ms] SELECT * FROM addon_inventory_items WHERE inventory_name = 'society_police'
[MySQL] [esx_addoninventory] [1ms] SELECT * FROM addon_inventory_items WHERE inventory_name = 'society_state'
[MySQL] [esx_addoninventory] [1ms] SELECT * FROM addon_inventory_items WHERE inventory_name = 'society_tabac'
[MySQL] [esx_addoninventory] [1ms] SELECT * FROM addon_inventory_items WHERE inventory_name = 'society_taxi'
[MySQL] [esx_addoninventory] [1ms] SELECT * FROM addon_inventory_items WHERE inventory_name = 'society_unicorn'
[MySQL] [esx_addoninventory] [1ms] SELECT * FROM addon_inventory_items WHERE inventory_name = 'society_unicorn_fridge'
[MySQL] [esx_addoninventory] [1ms] SELECT * FROM addon_inventory_items WHERE inventory_name = 'society_vigne'
server thread hitch warning: timer interval of 496 milliseconds
[fivemqueue]: NEW -> QUEUE -> (Public) 6264c228b6a562daddfd1ec2d2c6f73427d1cc82
[fivemqueue]: QUEUE -> LOADING -> (Reserved2) 6264c228b6a562daddfd1ec2d2c6f73427d1cc82
Sending heartbeat to live-internal.fivem.net:30110
[fivemqueue]: LOADING -> ACTIVE -> 6264c228b6a562daddfd1ec2d2c6f73427d1cc82
Sending player (1) ELS data
[MySQL] [gcphone] [1ms] SELECT users.phone_number FROM users WHERE users.identifier = 'steam:110000103818b45'
[MySQL] [gcphone] [1ms] SELECT * FROM phone_users_contacts WHERE phone_users_contacts.identifier = 'steam:110000103818b45'
[MySQL] [gcphone] [2ms] SELECT phone_messages.* FROM phone_messages LEFT JOIN users ON users.identifier = 'steam:110000103818b45' WHERE phone_messages.receiver = users.phone_number
[MySQL] [gcphone] [1ms] SELECT * FROM phone_calls WHERE phone_calls.owner = '5553281' ORDER BY time DESC LIMIT 120
[MySQL] [esplugin_mysql] [3ms] SELECT * FROM users WHERE `identifier`='steam:110000103818b45';
[MySQL] [esx_coffeemachine] [1ms] SELECT * FROM coffeemachine
[MySQL] [esplugin_mysql] [3ms] SELECT * FROM users WHERE `identifier`='steam:110000103818b45';
Access denied for command add_principal.
[MySQL] [gcphone] [3ms] SELECT users.phone_number FROM users WHERE users.identifier = 'steam:110000103818b45'
[MySQL] [esx_identity] [5ms] SELECT * FROM `users` WHERE `identifier` = 'steam:110000103818b45'
[MySQL] [es_extended] [2ms] SELECT * FROM `users` WHERE `identifier` = 'steam:110000103818b45'
[MySQL] [es_extended] [6ms] SELECT * FROM `user_inventory` WHERE `identifier` = 'steam:110000103818b45'
[MySQL] [es_extended] [2ms] SELECT * FROM `user_accounts` WHERE `identifier` = 'steam:110000103818b45'
Successfully Loaded Identity For Jack Oneill
[MySQL] [gcphone] [1ms] SELECT * FROM phone_users_contacts WHERE phone_users_contacts.identifier = 'steam:110000103818b45'
[MySQL] [es_extended] [1ms] SELECT * FROM `jobs` WHERE `name` = 'taxi'
[MySQL] [gcphone] [1ms] SELECT phone_messages.* FROM phone_messages LEFT JOIN users ON users.identifier = 'steam:110000103818b45' WHERE phone_messages.receiver = users.phone_number
[MySQL] [es_extended] [60ms] UPDATE `users` SET `name` = 'Jack Oneill' WHERE `identifier` = 'steam:110000103818b45'
[MySQL] [es_extended] [1ms] SELECT * FROM `org` WHERE `name` = 'cartel'
[MySQL] [es_extended] [1ms] SELECT * FROM `job_grades` WHERE `job_name` = 'taxi' AND `grade` = 2
[MySQL] [es_extended] [1ms] SELECT * FROM `org_gradeorg` WHERE `org_name` = 'cartel' AND `gradeorg` = 1
[MySQL] [es_extended] [1ms] SELECT * FROM `user_accounts` WHERE `identifier` = 'steam:110000103818b45'
[MySQL] [esx_license] [53ms] SELECT * FROM user_licenses WHERE owner = 'steam:110000103818b45'
[MySQL] [esx_addons_gcphone] [69ms] SELECT * FROM users WHERE identifier = 'steam:110000103818b45'
[MySQL] [esx_status] [19ms] SELECT * FROM users WHERE identifier = 'steam:110000103818b45'
[MySQL] [esx_license] [3ms] SELECT * FROM licenses WHERE type = 'weapon'
[MySQL] [esx_license] [3ms] SELECT * FROM licenses WHERE type = 'peche'
[MySQL] [esx_license] [3ms] SELECT * FROM licenses WHERE type = 'weapon'
[MySQL] [esx_license] [3ms] SELECT * FROM licenses WHERE type = 'weapon'
Error running call reference function for resource esx_license: citizen:/scripting/lua/scheduler.lua:405: @esx_license/server/main.lua:62: attempt to index a nil value (field '?')
stack traceback:
        @esx_license/server/main.lua:62: in upvalue 'ref'
        citizen:/scripting/lua/scheduler.lua:391: in function <citizen:/scripting/lua/scheduler.lua:390>
        [C]: in function 'xpcall'
        citizen:/scripting/lua/scheduler.lua:390: in function <citizen:/scripting/lua/scheduler.lua:389>
stack traceback:
        [C]: in function 'error'
        citizen:/scripting/lua/scheduler.lua:405: in function <citizen:/scripting/lua/scheduler.lua:374>
[91mError: Unhandled error in timer: Error: BUFFER_SHORTAGE
Error: BUFFER_SHORTAGE
    at n.e [as reserve] (citizen:/scripting/v8/msgpack.js:29:12766)
    at h (citizen:/scripting/v8/msgpack.js:29:15761)
    at n.r [as decode] (citizen:/scripting/v8/msgpack.js:29:13908)
    at n.fetch (citizen:/scripting/v8/msgpack.js:29:6972)
    at n.u [as read] (citizen:/scripting/v8/msgpack.js:29:12076)
    at Object.n [as decode] (citizen:/scripting/v8/msgpack.js:29:7097)
    at unpack (citizen:/scripting/v8/main.js:20:33)
    at citizen:/scripting/v8/main.js:51:20
    at setImmediate (mysql-async.js:14898:7)
    at Object.callback (citizen:/scripting/v8/timer.js:96:21)[0m
[MySQL] [eden_drugs] [1ms] SELECT * FROM position_drugs
Error running system event handling function for resource esx_addonaccount: citizen:/scripting/lua/scheduler.lua:41: Failed to execute thread: @esx_addonaccount/server/main.lua:61: attempt to get length of a nil value (field '?')
stack traceback:
        @esx_addonaccount/server/main.lua:61: in function 'GetAccount'
        @esx_addonaccount/server/main.lua:73: in upvalue 'handler'
        citizen:/scripting/lua/scheduler.lua:219: in function <citizen:/scripting/lua/scheduler.lua:218>
stack traceback:
        [C]: in function 'error'
        citizen:/scripting/lua/scheduler.lua:41: in field 'CreateThreadNow'
        citizen:/scripting/lua/scheduler.lua:218: in function <citizen:/scripting/lua/scheduler.lua:182>
[MySQL] [esx_property] [1ms] SELECT * FROM owned_properties WHERE owner = 'steam:110000103818b45'
[MySQL] [esx_lscustom] [12ms] SELECT * FROM vehicles
[MySQL] [esx-qalle-sellvehicles] [1ms] SELECT seller, vehicleProps, price FROM vehicles_for_sale
[MySQL] [esx_inventoryhud_trunk] [1ms] SELECT * FROM owned_vehicles WHERE owner = 'steam:110000103818b45'
[MySQL] [esx_inventoryhud_trunk] [1ms] SELECT * FROM owned_vehicles WHERE owner = 'steam:110000103818b45'
[MySQL] [esx-kr-bag-inventory] [1ms] SELECT * FROM owned_bags
[MySQL] [esx-kr-bag-inventory] [1ms] SELECT * FROM owned_bags
[MySQL] [esx-kr-bag-inventory] [1ms] SELECT * FROM owned_bags WHERE identifier = 'steam:110000103818b45' 
[MySQL] [esx-kr-bag-inventory] [2ms] SELECT * FROM owned_bag_inventory WHERE id = 63170 
[MySQL] [esx_skin] [1ms] SELECT skin FROM users WHERE identifier = 'steam:110000103818b45'
[MySQL] [esx_property] [1ms] SELECT last_property FROM users WHERE identifier = 'steam:110000103818b45'
[MySQL] [esx_skin] [1ms] SELECT skin FROM users WHERE identifier = 'steam:110000103818b45'
[MySQL] [esx_tattoosShops] [1ms] SELECT * FROM playersTattoos WHERE identifier = 'steam:110000103818b45'
[MySQL] [esx_jb_realtimejailer] [3ms] SELECT TIMESTAMPDIFF(SECOND, CURRENT_TIMESTAMP,J_Time) as timeleft, J_Cell as cellule, isjailed as isjailed from jail where identifier ='steam:110000103818b45'
[MySQL] [esx-qalle-jail] [2ms] SELECT jail FROM users WHERE identifier = 'steam:110000103818b45'
[MySQL] [esplugin_mysql] [36ms] UPDATE users SET `money`=4363,`bank`=137004 WHERE `identifier`='steam:110000103818b45'
Error running system event handling function for resource esx_addonaccount: citizen:/scripting/lua/scheduler.lua:41: Failed to execute thread: @esx_addonaccount/server/main.lua:61: attempt to get length of a nil value (field '?')
stack traceback:
        @esx_addonaccount/server/main.lua:61: in function 'GetAccount'
        @esx_addonaccount/server/main.lua:73: in upvalue 'handler'
        citizen:/scripting/lua/scheduler.lua:219: in function <citizen:/scripting/lua/scheduler.lua:218>
stack traceback:
        [C]: in function 'error'
        citizen:/scripting/lua/scheduler.lua:41: in field 'CreateThreadNow'
        citizen:/scripting/lua/scheduler.lua:218: in function <citizen:/scripting/lua/scheduler.lua:182>
[fivemqueue]: ACTIVE -> GRACE -> 6264c228b6a562daddfd1ec2d2c6f73427d1cc82
Sending heartbeat to live-internal.fivem.net:30110
[MySQL] [esx_status] [48ms] UPDATE users SET status = '[{\"name\":\"drug\",\"percent\":0.0,\"val\":0},{\"name\":\"drunk\",\"percent\":0.0,\"val\":0},{\"name\":\"hunger\",\"percent\":12.62,\"val\":126200},{\"name\":\"thirst\",\"percent\":3.275,\"val\":32750}]' WHERE identifier = 'steam:110000103818b45'
[MySQL] [es_extended] [63ms] UPDATE users SET `job` = 'taxi', `job_grade` = 2, `org` = 'cartel', `org_gradeorg` = 1, `loadout` = '[{\"label\":\"Couteau\",\"name\":\"WEAPON_KNIFE\",\"ammo\":0},{\"label\":\"Matraque\",\"name\":\"WEAPON_NIGHTSTICK\",\"ammo\":0},{\"label\":\"Marteau\",\"name\":\"WEAPON_HAMMER\",\"ammo\":0},{\"label\":\"Batte\",\"name\":\"WEAPON_BAT\",\"ammo\":0},{\"label\":\"Club de golf\",\"name\":\"WEAPON_GOLFCLUB\",\"ammo\":0},{\"label\":\"Pied de biche\",\"name\":\"WEAPON_CROWBAR\",\"ammo\":0},{\"label\":\"Pistolet\",\"name\":\"WEAPON_PISTOL\",\"ammo\":9999},{\"label\":\"Pistolet de combat\",\"name\":\"WEAPON_COMBATPISTOL\",\"ammo\":9999},{\"label\":\"Pistolet automatique\",\"name\":\"WEAPON_APPISTOL\",\"ammo\":9999},{\"label\":\"Pistolet calibre 50\",\"name\":\"WEAPON_PISTOL50\",\"ammo\":9999},{\"label\":\"Micro smg\",\"name\":\"WEAPON_MICROSMG\",\"ammo\":9999},{\"label\":\"Smg\",\"name\":\"WEAPON_SMG\",\"ammo\":9999},{\"label\":\"Smg d\'assaut\",\"name\":\"WEAPON_ASSAULTSMG\",\"ammo\":9999},{\"label\":\"Fusil d\'assaut\",\"name\":\"WEAPON_ASSAULTRIFLE\",\"ammo\":9999},{\"label\":\"Carabine d\'assaut\",\"name\":\"WEAPON_CARBINERIFLE\",\"ammo\":9999},{\"label\":\"Fusil avancé\",\"name\":\"WEAPON_ADVANCEDRIFLE\",\"ammo\":9999},{\"label\":\"Mitrailleuse\",\"name\":\"WEAPON_MG\",\"ammo\":9999},{\"label\":\"Mitrailleuse de combat\",\"name\":\"WEAPON_COMBATMG\",\"ammo\":9999},{\"label\":\"Fusil à pompe\",\"name\":\"WEAPON_PUMPSHOTGUN\",\"ammo\":9999},{\"label\":\"Carabine à canon scié\",\"name\":\"WEAPON_SAWNOFFSHOTGUN\",\"ammo\":9999},{\"label\":\"Carabine d\'assaut\",\"name\":\"WEAPON_ASSAULTSHOTGUN\",\"ammo\":9999},{\"label\":\"Carabine bullpup\",\"name\":\"WEAPON_BULLPUPSHOTGUN\",\"ammo\":9999},{\"label\":\"Tazer\",\"name\":\"WEAPON_STUNGUN\",\"ammo\":9999},{\"label\":\"Fusil de sniper\",\"name\":\"WEAPON_SNIPERRIFLE\",\"ammo\":9999},{\"label\":\"Fusil de sniper lourd\",\"name\":\"WEAPON_HEAVYSNIPER\",\"ammo\":9999},{\"label\":\"Lance-grenade\",\"name\":\"WEAPON_GRENADELAUNCHER\",\"ammo\":20},{\"label\":\"Lance-rocket\",\"name\":\"WEAPON_RPG\",\"ammo\":20},{\"label\":\"Minigun\",\"name\":\"WEAPON_MINIGUN\",\"ammo\":9999},{\"label\":\"Grenade\",\"name\":\"WEAPON_GRENADE\",\"ammo\":25},{\"label\":\"Bombe collante\",\"name\":\"WEAPON_STICKYBOMB\",\"ammo\":25},{\"label\":\"Grenade fumigène\",\"name\":\"WEAPON_SMOKEGRENADE\",\"ammo\":25},{\"label\":\"Grenade à gaz bz\",\"name\":\"WEAPON_BZGAS\",\"ammo\":25},{\"label\":\"Cocktail molotov\",\"name\":\"WEAPON_MOLOTOV\",\"ammo\":25},{\"label\":\"Extincteur\",\"name\":\"WEAPON_FIREEXTINGUISHER\",\"ammo\":2000},{\"label\":\"Jerrican d\'essence\",\"name\":\"WEAPON_PETROLCAN\",\"ammo\":4500},{\"label\":\"Balle\",\"name\":\"WEAPON_BALL\",\"ammo\":1},{\"label\":\"Pistolet sns\",\"name\":\"WEAPON_SNSPISTOL\",\"ammo\":9999},{\"label\":\"Bouteille\",\"name\":\"WEAPON_BOTTLE\",\"ammo\":0},{\"label\":\"Balayeuse gusenberg\",\"name\":\"WEAPON_GUSENBERG\",\"ammo\":9999},{\"label\":\"Carabine spéciale\",\"name\":\"WEAPON_SPECIALCARBINE\",\"ammo\":9999},{\"label\":\"Pistolet lourd\",\"name\":\"WEAPON_HEAVYPISTOL\",\"ammo\":9999},{\"label\":\"Fusil bullpup\",\"name\":\"WEAPON_BULLPUPRIFLE\",\"ammo\":9999},{\"label\":\"Poignard\",\"name\":\"WEAPON_DAGGER\",\"ammo\":0},{\"label\":\"Pistolet vintage\",\"name\":\"WEAPON_VINTAGEPISTOL\",\"ammo\":9999},{\"label\":\"Feu d\'artifice\",\"name\":\"WEAPON_FIREWORK\",\"ammo\":20},{\"label\":\"Mousquet\",\"name\":\"WEAPON_MUSKET\",\"ammo\":9999},{\"label\":\"Fusil à pompe lourd\",\"name\":\"WEAPON_HEAVYSHOTGUN\",\"ammo\":9999},{\"label\":\"Fusil marksman\",\"name\":\"WEAPON_MARKSMANRIFLE\",\"ammo\":9999},{\"label\":\"Lance tête-chercheuse\",\"name\":\"WEAPON_HOMINGLAUNCHER\",\"ammo\":10},{\"label\":\"Mine de proximité\",\"name\":\"WEAPON_PROXMINE\",\"ammo\":5},{\"label\":\"Boule de neige\",\"name\":\"WEAPON_SNOWBALL\",\"ammo\":10},{\"label\":\"Lance fusée de détresse\",\"name\":\"WEAPON_FLAREGUN\",\"ammo\":20},{\"label\":\"Arme de défense personnelle\",\"name\":\"WEAPON_COMBATPDW\",\"ammo\":9999},{\"label\":\"Pistolet marksman\",\"name\":\"WEAPON_MARKSMANPISTOL\",\"ammo\":9999},{\"label\":\"Poing américain\",\"name\":\"WEAPON_KNUCKLE\",\"ammo\":0},{\"label\":\"Hachette\",\"name\":\"WEAPON_HATCHET\",\"ammo\":0},{\"label\":\"Canon éléctrique\",\"name\":\"WEAPON_RAILGUN\",\"ammo\":20},{\"label\":\"Machette\",\"name\":\"WEAPON_MACHETE\",\"ammo\":0},{\"label\":\"Pistolet mitrailleur\",\"name\":\"WEAPON_MACHINEPISTOL\",\"ammo\":9999},{\"label\":\"Couteau à cran d\'arrêt\",\"name\":\"WEAPON_SWITCHBLADE\",\"ammo\":0},{\"label\":\"Revolver\",\"name\":\"WEAPON_REVOLVER\",\"ammo\":9999},{\"label\":\"Fusil à pompe double canon\",\"name\":\"WEAPON_DBSHOTGUN\",\"ammo\":9999},{\"label\":\"Fusil compact\",\"name\":\"WEAPON_COMPACTRIFLE\",\"ammo\":9999},{\"label\":\"Fusil à pompe automatique\",\"name\":\"WEAPON_AUTOSHOTGUN\",\"ammo\":9999},{\"label\":\"Hache de combat\",\"name\":\"WEAPON_BATTLEAXE\",\"ammo\":0},{\"label\":\"Lanceur compact\",\"name\":\"WEAPON_COMPACTLAUNCHER\",\"ammo\":20},{\"label\":\"Mini smg\",\"name\":\"WEAPON_MINISMG\",\"ammo\":9999},{\"label\":\"Bombe tuyau\",\"name\":\"WEAPON_PIPEBOMB\",\"ammo\":10},{\"label\":\"Queue de billard\",\"name\":\"WEAPON_POOLCUE\",\"ammo\":0},{\"label\":\"Clé\",\"name\":\"WEAPON_WRENCH\",\"ammo\":0},{\"label\":\"Lampe torche\",\"name\":\"WEAPON_FLASHLIGHT\",\"ammo\":0},{\"label\":\"Fusée Détresse\",\"name\":\"WEAPON_FLARE\",\"ammo\":25},{\"label\":\"SNS Pistol Mk II\",\"name\":\"WEAPON_SNSPISTOL_MK2\",\"ammo\":9999},{\"label\":\"Heavy Revolver Mk II\",\"name\":\"WEAPON_REVOLVER_MK2\",\"ammo\":9999},{\"label\":\"Double-Action Revolver\",\"name\":\"WEAPON_DOUBLEACTION\",\"ammo\":9999},{\"label\":\"Special Carbine Mk II\",\"name\":\"WEAPON_SPECIALCARBINE_MK2\",\"ammo\":9999},{\"label\":\"Bullpup Rifle Mk II\",\"name\":\"WEAPON_BULLPUPRIFLE_MK2\",\"ammo\":9999},{\"label\":\"Pump Shotgun Mk II\",\"name\":\"WEAPON_PUMPSHOTGUN_MK2\",\"ammo\":9999},{\"label\":\"Marksman Rifle Mk II\",\"name\":\"WEAPON_MARKSMANRIFLE_MK2\",\"ammo\":9999},{\"label\":\"Assault Rifle Mk II \",\"name\":\"WEAPON_ASSAULTRIFLE_MK2\",\"ammo\":9999},{\"label\":\"Carbine Rifle Mk II \",\"name\":\"WEAPON_CARBINERIFLE_MK2\",\"ammo\":9999},{\"label\":\"Combat MG Mk II\",\"name\":\"WEAPON_COMBATMG_MK2\",\"ammo\":9999},{\"label\":\"Heavy Sniper Mk II\",\"name\":\"WEAPON_HEAVYSNIPER_MK2\",\"ammo\":9999},{\"label\":\"Pistol Mk II\",\"name\":\"WEAPON_PISTOL_MK2\",\"ammo\":9999},{\"label\":\"SMG Mk II\",\"name\":\"WEAPON_SMG_MK2\",\"ammo\":9999}]', `position` = '{\"x\":425.27734375,\"z\":30.708726882934,\"y\":-974.25659179688}' WHERE identifier = 'steam:110000103818b45'
[MySQL] [esplugin_mysql] [62ms] UPDATE users SET `money`=4363,`bank`=137004 WHERE `identifier`='steam:110000103818b45'
[SAVED] Jack Oneill
